"../../../Engine/Content/Functions/Engine_MaterialFunctions01/WorldPositionOffset/SimpleGrassWind.uasset" 0
"C:/Users/Two5iveSe7en/Desktop/LevelDesign2/Cabin_NathanJ/Content/Environment_Set/Environment/Foliage/Textures/T_grass_atlas_01_BC_M.uasset" 1
"C:/Users/Two5iveSe7en/Desktop/LevelDesign2/Cabin_NathanJ/Content/Environment_Set/Environment/Foliage/Textures/T_grass_atlas_01_MT_R_AO.uasset" 2
"C:/Users/Two5iveSe7en/Desktop/LevelDesign2/Cabin_NathanJ/Content/Environment_Set/Environment/Foliage/Textures/T_grass_atlas_01_N.uasset" 3
"C:/Users/Two5iveSe7en/Desktop/LevelDesign2/Cabin_NathanJ/Content/Environment_Set/Environment/Foliage/Textures/T_Hue.uasset" 4
"C:/Users/Two5iveSe7en/Desktop/LevelDesign2/Cabin_NathanJ/Content/Environment_Set/Environment/Foliage/Materials/M_Grass_Tick_Material.uasset" 5
"C:/Users/Two5iveSe7en/Desktop/LevelDesign2/Cabin_NathanJ/Content/Environment_Set/Environment/Foliage/Materials/MI_Grass_Tick_Material.uasset" 6
"C:/Users/Two5iveSe7en/Desktop/LevelDesign2/Cabin_NathanJ/Content/Environment_Set/Environment/Foliage/Models/SM_grass_bush_02.uasset" 7
"C:/Users/Two5iveSe7en/Desktop/LevelDesign2/Cabin_NathanJ/Content/Environment_Set/Environment/Foliage/Models/SM_grass_bush_03.uasset" 8
"C:/Users/Two5iveSe7en/Desktop/LevelDesign2/Cabin_NathanJ/Content/Environment_Set/Environment/Foliage/Models/SM_grass_bush_simple_04.uasset" 9
"C:/Users/Two5iveSe7en/Desktop/LevelDesign2/Cabin_NathanJ/Content/Environment_Set/Environment/Foliage/Models/SM_grass_bush_simple_05.uasset" 10
"C:/Users/Two5iveSe7en/Desktop/LevelDesign2/Cabin_NathanJ/Content/Environment_Set/Environment/Foliage/Materials/M_Grass_Material.uasset" 11
"C:/Users/Two5iveSe7en/Desktop/LevelDesign2/Cabin_NathanJ/Content/Environment_Set/Environment/Foliage/Textures/T_ground_foliage_02_BC_M.uasset" 12
"C:/Users/Two5iveSe7en/Desktop/LevelDesign2/Cabin_NathanJ/Content/Environment_Set/Environment/Foliage/Textures/T_ground_foliage_02_MT_R_AO.uasset" 13
"C:/Users/Two5iveSe7en/Desktop/LevelDesign2/Cabin_NathanJ/Content/Environment_Set/Environment/Foliage/Textures/T_ground_foliage_02_N.uasset" 14
"C:/Users/Two5iveSe7en/Desktop/LevelDesign2/Cabin_NathanJ/Content/Environment_Set/Environment/Foliage/Materials/MI_Foliage_2_Material.uasset" 15
"C:/Users/Two5iveSe7en/Desktop/LevelDesign2/Cabin_NathanJ/Content/Environment_Set/Environment/Foliage/Models/SM_ground_foliage_02_0.uasset" 16
"C:/Users/Two5iveSe7en/Desktop/LevelDesign2/Cabin_NathanJ/Content/Environment_Set/Environment/Foliage/Models/SM_ground_foliage_02_2_SM_ground_foliage_02_2.uasset" 17
"C:/Users/Two5iveSe7en/Desktop/LevelDesign2/Cabin_NathanJ/Content/Environment_Set/Environment/Foliage/Textures/T_nettle_01_BC_M.uasset" 18
"C:/Users/Two5iveSe7en/Desktop/LevelDesign2/Cabin_NathanJ/Content/Environment_Set/Environment/Foliage/Textures/T_nettle_01_MT_R_AO.uasset" 19
"C:/Users/Two5iveSe7en/Desktop/LevelDesign2/Cabin_NathanJ/Content/Environment_Set/Environment/Foliage/Textures/T_nettle_01_N.uasset" 20
"C:/Users/Two5iveSe7en/Desktop/LevelDesign2/Cabin_NathanJ/Content/Environment_Set/Environment/Foliage/Materials/MI_Nettle_Material.uasset" 21
"C:/Users/Two5iveSe7en/Desktop/LevelDesign2/Cabin_NathanJ/Content/Environment_Set/Environment/Foliage/Models/SM_nettle_01_0_SM_nettle_01_0.uasset" 22
"C:/Users/Two5iveSe7en/Desktop/LevelDesign2/Cabin_NathanJ/Content/Environment_Set/Environment/Foliage/Models/SM_nettle_01_1_SM_nettle_01_1.uasset" 23
"C:/Users/Two5iveSe7en/Desktop/LevelDesign2/Cabin_NathanJ/Content/Environment_Set/Environment/Landscape/Textures/T_ground_big_pebbles_01_BC_H.uasset" 24
"C:/Users/Two5iveSe7en/Desktop/LevelDesign2/Cabin_NathanJ/Content/Environment_Set/Environment/Landscape/Textures/T_ground_big_pebbles_01_MT_R_AO.uasset" 25
"C:/Users/Two5iveSe7en/Desktop/LevelDesign2/Cabin_NathanJ/Content/Environment_Set/Environment/Landscape/Textures/T_ground_big_pebbles_01_N.uasset" 26
"C:/Users/Two5iveSe7en/Desktop/LevelDesign2/Cabin_NathanJ/Content/Environment_Set/Environment/Landscape/Materials/M_Ground_1.uasset" 27
"C:/Users/Two5iveSe7en/Desktop/LevelDesign2/Cabin_NathanJ/Content/Environment_Set/Environment/Landscape/Textures/T_ground_forest_02_BC_H.uasset" 28
"C:/Users/Two5iveSe7en/Desktop/LevelDesign2/Cabin_NathanJ/Content/Environment_Set/Environment/Landscape/Textures/T_ground_forest_02_MT_R_AO.uasset" 29
"C:/Users/Two5iveSe7en/Desktop/LevelDesign2/Cabin_NathanJ/Content/Environment_Set/Environment/Landscape/Textures/T_ground_forest_02_N.uasset" 30
"C:/Users/Two5iveSe7en/Desktop/LevelDesign2/Cabin_NathanJ/Content/Environment_Set/Environment/Landscape/Materials/MI_Ground_07.uasset" 31
"C:/Users/Two5iveSe7en/Desktop/LevelDesign2/Cabin_NathanJ/Content/Environment_Set/Environment/Landscape/Textures/T_ground_forest_grass_01_4_BC_H.uasset" 32
"C:/Users/Two5iveSe7en/Desktop/LevelDesign2/Cabin_NathanJ/Content/Environment_Set/Environment/Landscape/Textures/T_ground_forest_grass_01_MT_R_AO.uasset" 33
"C:/Users/Two5iveSe7en/Desktop/LevelDesign2/Cabin_NathanJ/Content/Environment_Set/Environment/Landscape/Textures/T_ground_forest_grass_01_N.uasset" 34
"C:/Users/Two5iveSe7en/Desktop/LevelDesign2/Cabin_NathanJ/Content/Environment_Set/Environment/Landscape/Materials/MI_Ground_10.uasset" 35
"C:/Users/Two5iveSe7en/Desktop/LevelDesign2/Cabin_NathanJ/Content/Environment_Set/Environment/Landscape/Textures/T_ground_forest_moss_01_BC_H.uasset" 36
"C:/Users/Two5iveSe7en/Desktop/LevelDesign2/Cabin_NathanJ/Content/Environment_Set/Environment/Landscape/Textures/T_ground_forest_moss_01_MT_R_AO.uasset" 37
"C:/Users/Two5iveSe7en/Desktop/LevelDesign2/Cabin_NathanJ/Content/Environment_Set/Environment/Landscape/Textures/T_ground_forest_moss_01_N.uasset" 38
"C:/Users/Two5iveSe7en/Desktop/LevelDesign2/Cabin_NathanJ/Content/Environment_Set/Environment/Landscape/Materials/MI_Ground_23.uasset" 39
"../../../Engine/Content/Functions/Engine_MaterialFunctions02/Utility/BreakOutFloat3Components.uasset" 40
"../../../Engine/Content/Functions/Engine_MaterialFunctions03/Procedurals/NormalFromHeightmap.uasset" 41
"C:/Users/Two5iveSe7en/Desktop/LevelDesign2/Cabin_NathanJ/Content/Environment_Set/Environment/Landscape/Materials/M_Terrain_Shader.uasset" 42
"C:/Users/Two5iveSe7en/Desktop/LevelDesign2/Cabin_NathanJ/Content/Environment_Set/Environment/Landscape/Materials/MI_Terrain_Shader.uasset" 43
"C:/Users/Two5iveSe7en/Desktop/LevelDesign2/Cabin_NathanJ/Content/FirstPerson/Character/Mesh/SK_Mannequin_Arms_Skeleton.uasset" 44
"C:/Users/Two5iveSe7en/Desktop/LevelDesign2/Cabin_NathanJ/Content/FirstPerson/Animations/FirstPerson_Idle.uasset" 45
"C:/Users/Two5iveSe7en/Desktop/LevelDesign2/Cabin_NathanJ/Content/FirstPerson/Animations/FirstPerson_JumpEnd.uasset" 46
"C:/Users/Two5iveSe7en/Desktop/LevelDesign2/Cabin_NathanJ/Content/FirstPerson/Animations/FirstPerson_JumpLoop.uasset" 47
"C:/Users/Two5iveSe7en/Desktop/LevelDesign2/Cabin_NathanJ/Content/FirstPerson/Animations/FirstPerson_JumpStart.uasset" 48
"C:/Users/Two5iveSe7en/Desktop/LevelDesign2/Cabin_NathanJ/Content/FirstPerson/Animations/FirstPerson_Run.uasset" 49
"../../../Engine/Content/EditorBlueprintResources/StandardMacros.uasset" 50
"C:/Users/Two5iveSe7en/Desktop/LevelDesign2/Cabin_NathanJ/Content/FirstPerson/Animations/FirstPerson_AnimBP.uasset" 51
"C:/Users/Two5iveSe7en/Desktop/LevelDesign2/Cabin_NathanJ/Content/FirstPerson/Character/Mesh/FirstPersonAnimBlueprint_Copy.uasset" 52
"C:/Users/Two5iveSe7en/Desktop/LevelDesign2/Cabin_NathanJ/Content/FirstPerson/Character/Textures/UE4_LOGO_CARD.uasset" 53
"C:/Users/Two5iveSe7en/Desktop/LevelDesign2/Cabin_NathanJ/Content/FirstPerson/FPWeapon/Materials/MaterialLayers/ML_Plastic_Shiny_Beige_LOGO.uasset" 54
"C:/Users/Two5iveSe7en/Desktop/LevelDesign2/Cabin_NathanJ/Content/FirstPerson/FPWeapon/Materials/MaterialLayers/T_ML_FineRubber.uasset" 55
"C:/Users/Two5iveSe7en/Desktop/LevelDesign2/Cabin_NathanJ/Content/FirstPerson/FPWeapon/Mesh/SK_FPGun_PhysicsAsset.uasset" 56
"C:/Users/Two5iveSe7en/Desktop/LevelDesign2/Cabin_NathanJ/Content/FirstPerson/Meshes/BaseMaterial.uasset" 57
"C:/Users/Two5iveSe7en/Desktop/LevelDesign2/Cabin_NathanJ/Content/FirstPerson/Meshes/CubeMaterialOverride.uasset" 58
"C:/Users/Two5iveSe7en/Desktop/LevelDesign2/Cabin_NathanJ/Content/FirstPersonBP/FirstPersonOverview.uasset" 59
"C:/Users/Two5iveSe7en/Desktop/LevelDesign2/Cabin_NathanJ/Content/FreeFurniturePack/Materials/M_Bed_drawer_metall.uasset" 60
"C:/Users/Two5iveSe7en/Desktop/LevelDesign2/Cabin_NathanJ/Content/FreeFurniturePack/Materials/M_Bed_drawer_plastic.uasset" 61
"C:/Users/Two5iveSe7en/Desktop/LevelDesign2/Cabin_NathanJ/Content/FreeFurniturePack/Meshes/SM_Bed_Drawer.uasset" 62
"C:/Users/Two5iveSe7en/Desktop/LevelDesign2/Cabin_NathanJ/Content/FreeFurniturePack/Materials/M_Metall.uasset" 63
"C:/Users/Two5iveSe7en/Desktop/LevelDesign2/Cabin_NathanJ/Content/FreeFurniturePack/Meshes/SM_Bed_Drawer_Openable_Part.uasset" 64
"C:/Users/Two5iveSe7en/Desktop/LevelDesign2/Cabin_NathanJ/Content/FreeFurniturePack/Blueprints/BP_Bed_Drawer.uasset" 65
"C:/Users/Two5iveSe7en/Desktop/LevelDesign2/Cabin_NathanJ/Content/FreeFurniturePack/Materials/M_Bed_Lamp_3.uasset" 66
"C:/Users/Two5iveSe7en/Desktop/LevelDesign2/Cabin_NathanJ/Content/FreeFurniturePack/Materials/M_Bed_Lamp_Glowing_Part.uasset" 67
"C:/Users/Two5iveSe7en/Desktop/LevelDesign2/Cabin_NathanJ/Content/FreeFurniturePack/Meshes/SM_Bed_lamp_3.uasset" 68
"../../../Engine/Content/EngineMaterials/BlendFunc_DefBase.uasset" 69
"../../../Engine/Content/EngineMaterials/BlendFunc_DefBlend.uasset" 70
"../../../Engine/Content/Functions/Engine_MaterialFunctions03/Blends/Blend_Screen.uasset" 71
"C:/Users/Two5iveSe7en/Desktop/LevelDesign2/Cabin_NathanJ/Content/FreeFurniturePack/Textures/T_NormalPlaceHolder.uasset" 72
"C:/Users/Two5iveSe7en/Desktop/LevelDesign2/Cabin_NathanJ/Content/FreeFurniturePack/Textures/T_WhitePlaceHolder.uasset" 73
"C:/Users/Two5iveSe7en/Desktop/LevelDesign2/Cabin_NathanJ/Content/FreeFurniturePack/Materials/MM_Tables_and_Chairs.uasset" 74
"C:/Users/Two5iveSe7en/Desktop/LevelDesign2/Cabin_NathanJ/Content/FreeFurniturePack/Textures/T_Bed_Table_Mask.uasset" 75
"C:/Users/Two5iveSe7en/Desktop/LevelDesign2/Cabin_NathanJ/Content/FreeFurniturePack/Materials/MI_Modern_Bed_Table.uasset" 76
"C:/Users/Two5iveSe7en/Desktop/LevelDesign2/Cabin_NathanJ/Content/FreeFurniturePack/Meshes/SM_Bed_Table.uasset" 77
"C:/Users/Two5iveSe7en/Desktop/LevelDesign2/Cabin_NathanJ/Content/InfinityBladeGrassLands/Environments/Breakables/Textures/T_Env_Breakables_Breakables_D.uasset" 78
"C:/Users/Two5iveSe7en/Desktop/LevelDesign2/Cabin_NathanJ/Content/InfinityBladeGrassLands/Environments/Breakables/Textures/T_Env_Breakables_Breakables_N.uasset" 79
"C:/Users/Two5iveSe7en/Desktop/LevelDesign2/Cabin_NathanJ/Content/InfinityBladeGrassLands/Environments/Breakables/Textures/T_Env_Breakables_Breakables_R.uasset" 80
"C:/Users/Two5iveSe7en/Desktop/LevelDesign2/Cabin_NathanJ/Content/InfinityBladeGrassLands/Environments/Breakables/Textures/T_Env_Breakables_BreakablesSnow_M.uasset" 81
"C:/Users/Two5iveSe7en/Desktop/LevelDesign2/Cabin_NathanJ/Content/InfinityBladeGrassLands/Environments/Breakables/Materials/M_Breakables_Barrels.uasset" 82
"C:/Users/Two5iveSe7en/Desktop/LevelDesign2/Cabin_NathanJ/Content/InfinityBladeGrassLands/Environments/Breakables/StaticMesh/Box/SM_Env_Breakables_Box1_destroyed.uasset" 83
"C:/Users/Two5iveSe7en/Desktop/LevelDesign2/Cabin_NathanJ/Content/InfinityBladeGrassLands/Environments/Breakables/StaticMesh/Box/SM_Env_Breakables_BoxesBITS.uasset" 84
"C:/Users/Two5iveSe7en/Desktop/LevelDesign2/Cabin_NathanJ/Content/InfinityBladeGrassLands/Environments/Breakables/StaticMesh/Objects/SM_Env_Breakables_GroupLg.uasset" 85
"C:/Users/Two5iveSe7en/Desktop/LevelDesign2/Cabin_NathanJ/Content/InfinityBladeGrassLands/Environments/Misc/Exo_Deco01/Textures/T_ClothTarps_01_D.uasset" 86
"C:/Users/Two5iveSe7en/Desktop/LevelDesign2/Cabin_NathanJ/Content/InfinityBladeGrassLands/Environments/Misc/Exo_Deco01/Textures/T_ClothTarps_01_M.uasset" 87
"C:/Users/Two5iveSe7en/Desktop/LevelDesign2/Cabin_NathanJ/Content/InfinityBladeGrassLands/Environments/Misc/Exo_Deco01/Textures/T_ClothTarps_01_N.uasset" 88
"C:/Users/Two5iveSe7en/Desktop/LevelDesign2/Cabin_NathanJ/Content/InfinityBladeGrassLands/Environments/Misc/Exo_Deco01/Materials/M_ClothTarps_01.uasset" 89
"C:/Users/Two5iveSe7en/Desktop/LevelDesign2/Cabin_NathanJ/Content/InfinityBladeGrassLands/Environments/Misc/Exo_Deco01/StaticMesh/SM_ClothTarps_01.uasset" 90
"C:/Users/Two5iveSe7en/Desktop/LevelDesign2/Cabin_NathanJ/Content/InfinityBladeGrassLands/Environments/Misc/Exo_Deco01/Textures/T_Exo_Cart_D.uasset" 91
"C:/Users/Two5iveSe7en/Desktop/LevelDesign2/Cabin_NathanJ/Content/InfinityBladeGrassLands/Environments/Misc/Exo_Deco01/Textures/T_Exo_Cart_N.uasset" 92
"C:/Users/Two5iveSe7en/Desktop/LevelDesign2/Cabin_NathanJ/Content/InfinityBladeGrassLands/Environments/Misc/Exo_Deco01/Materials/M_Exo_Cart.uasset" 93
"C:/Users/Two5iveSe7en/Desktop/LevelDesign2/Cabin_NathanJ/Content/InfinityBladeGrassLands/Environments/Misc/Exo_Deco01/StaticMesh/SM_Exo_Cart_Intact.uasset" 94
"C:/Users/Two5iveSe7en/Desktop/LevelDesign2/Cabin_NathanJ/Content/InfinityBladeGrassLands/Environments/Misc/Exo_Deco01/Textures/T_Exo_Hay_D.uasset" 95
"C:/Users/Two5iveSe7en/Desktop/LevelDesign2/Cabin_NathanJ/Content/InfinityBladeGrassLands/Environments/Misc/Exo_Deco01/Textures/T_Exo_Hay_M.uasset" 96
"C:/Users/Two5iveSe7en/Desktop/LevelDesign2/Cabin_NathanJ/Content/InfinityBladeGrassLands/Environments/Misc/Exo_Deco01/Textures/T_Exo_Hay_N.uasset" 97
"C:/Users/Two5iveSe7en/Desktop/LevelDesign2/Cabin_NathanJ/Content/InfinityBladeGrassLands/Environments/Misc/Exo_Deco01/Materials/M_Exo_Hay.uasset" 98
"C:/Users/Two5iveSe7en/Desktop/LevelDesign2/Cabin_NathanJ/Content/InfinityBladeGrassLands/Environments/Misc/Exo_Deco01/StaticMesh/SM_Exo_Hay.uasset" 99
"C:/Users/Two5iveSe7en/Desktop/LevelDesign2/Cabin_NathanJ/Content/InfinityBladeGrassLands/Environments/Misc/Exo_Deco01/Textures/T_Snowy_Pine_Low.uasset" 100
"C:/Users/Two5iveSe7en/Desktop/LevelDesign2/Cabin_NathanJ/Content/InfinityBladeGrassLands/Environments/Misc/Exo_Deco01/Textures/T_Snowy_Pine_Low_N.uasset" 101
"C:/Users/Two5iveSe7en/Desktop/LevelDesign2/Cabin_NathanJ/Content/InfinityBladeGrassLands/Environments/Misc/Exo_Deco01/Materials/M_Pine_Low.uasset" 102
"C:/Users/Two5iveSe7en/Desktop/LevelDesign2/Cabin_NathanJ/Content/InfinityBladeGrassLands/Environments/Misc/Exo_Deco01/StaticMesh/SM_Pine_Low_Cluster.uasset" 103
"C:/Users/Two5iveSe7en/Desktop/LevelDesign2/Cabin_NathanJ/Content/Textures/TexturesCom_Brick_StoneCladding_1K_albedo.uasset" 104
"C:/Users/Two5iveSe7en/Desktop/LevelDesign2/Cabin_NathanJ/Content/Textures/TexturesCom_Brick_StoneCladding_1K_ao.uasset" 105
"C:/Users/Two5iveSe7en/Desktop/LevelDesign2/Cabin_NathanJ/Content/Textures/TexturesCom_Brick_StoneCladding_1K_normal.uasset" 106
"C:/Users/Two5iveSe7en/Desktop/LevelDesign2/Cabin_NathanJ/Content/Textures/TexturesCom_Brick_StoneCladding_1K_roughness.uasset" 107
"C:/Users/Two5iveSe7en/Desktop/LevelDesign2/Cabin_NathanJ/Content/Materials/Stone.uasset" 108
"C:/Users/Two5iveSe7en/Desktop/LevelDesign2/Cabin_NathanJ/Content/Textures/TexturesCom_Wood_ParquetStrip5_1K_albedo.uasset" 109
"C:/Users/Two5iveSe7en/Desktop/LevelDesign2/Cabin_NathanJ/Content/Textures/TexturesCom_Wood_ParquetStrip5_1K_normal.uasset" 110
"C:/Users/Two5iveSe7en/Desktop/LevelDesign2/Cabin_NathanJ/Content/Textures/TexturesCom_Wood_ParquetStrip5_1K_roughness.uasset" 111
"C:/Users/Two5iveSe7en/Desktop/LevelDesign2/Cabin_NathanJ/Content/Materials/WoodFloor.uasset" 112
"../../../Engine/Content/Animation/DefaultAnimCurveCompressionSettings.uasset" 113
"../../../Engine/Content/Functions/Engine_MaterialFunctions01/Opacity/CameraDepthFade.uasset" 114
"../../../Engine/Content/EngineMaterials/T_Default_Material_Grid_M.uasset" 115
"../../../Engine/Content/EngineMaterials/T_Default_Material_Grid_N.uasset" 116
"../../../Engine/Content/EngineMaterials/WorldGridMaterial.uasset" 117
"../../../Engine/Content/ArtTools/RenderToTexture/Meshes/S_1_Unit_Plane.uasset" 118
"../../../Engine/Content/EngineMaterials/DefaultMaterial.uasset" 119
"../../../Engine/Content/BasicShapes/Cone.uasset" 120
"../../../Engine/Content/BasicShapes/Cube.uasset" 121
"../../../Engine/Content/BasicShapes/Cylinder.uasset" 122
"../../../Engine/Content/BasicShapes/Plane.uasset" 123
"../../../Engine/Content/BasicShapes/Sphere.uasset" 124
"../../../Engine/Content/EditorLandscapeResources/DataLayer.uasset" 125
"../../../Engine/Content/EditorMaterials/GizmoMaterial.uasset" 126
"../../../Engine/Content/EditorMaterials/MAT_Groups_Toggle.uasset" 127
"../../../Engine/Content/EditorMaterials/MAT_Groups_Visibility.uasset" 128
"../../../Engine/Content/EditorMaterials/PreviewShadowIndicator.uasset" 129
"../../../Engine/Content/EditorMaterials/PreviewShadowIndicatorMaterial.uasset" 130
"../../../Engine/Content/EditorMaterials/MatineeGroups/MAT_ColorTrack.uasset" 131
"../../../Engine/Content/EditorMaterials/MatineeGroups/MAT_Groups_Anim.uasset" 132
"../../../Engine/Content/EditorMaterials/MatineeGroups/MAT_Groups_AudioMaster.uasset" 133
"../../../Engine/Content/EditorMaterials/MatineeGroups/MAT_Groups_Director.uasset" 134
"../../../Engine/Content/EditorMaterials/MatineeGroups/MAT_Groups_Event.uasset" 135
"../../../Engine/Content/EditorMaterials/MatineeGroups/MAT_Groups_Fade.uasset" 136
"../../../Engine/Content/EditorMaterials/MatineeGroups/MAT_Groups_Float.uasset" 137
"../../../Engine/Content/EditorMaterials/MatineeGroups/MAT_Groups_Move.uasset" 138
"../../../Engine/Content/EditorMaterials/MatineeGroups/MAT_Groups_Slomo.uasset" 139
"../../../Engine/Content/EditorMaterials/MatineeGroups/MAT_Groups_Sound.uasset" 140
"../../../Engine/Content/EditorMaterials/MatineeGroups/MAT_Groups_Vector.uasset" 141
"../../../Engine/Content/EditorMaterials/ParticleSystems/PSysThumbnail_NoImage.uasset" 142
"../../../Engine/Content/EditorMaterials/ParticleSystems/PSysThumbnail_OOD.uasset" 143
"../../../Engine/Content/EditorMaterials/Camera/CineMat.uasset" 144
"../../../Engine/Content/EditorMaterials/Camera/MI_CineMat_Rig.uasset" 145
"../../../Engine/Content/EditorMeshes/Camera/SM_CraneRig_Arm.uasset" 146
"../../../Engine/Content/EditorMeshes/Camera/SM_CraneRig_Base.uasset" 147
"../../../Engine/Content/EditorMeshes/Camera/SM_CraneRig_Body.uasset" 148
"../../../Engine/Content/EditorMeshes/Camera/SM_CraneRig_Mount.uasset" 149
"../../../Engine/Content/EditorMeshes/Camera/SM_RailRig_Mount.uasset" 150
"../../../Engine/Content/EditorMeshes/Camera/SM_RailRig_Track.uasset" 151
"../../../Engine/Content/EditorResources/BSPVertex.uasset" 152
"../../../Engine/Content/EditorResources/EmptyActor.uasset" 153
"../../../Engine/Content/EditorResources/S_Actor.uasset" 154
"../../../Engine/Content/EditorResources/S_Note.uasset" 155
"../../../Engine/Content/EditorResources/S_Trigger.uasset" 156
"../../../Engine/Content/EditorResources/SequenceRecorder/Countdown.uasset" 157
"../../../Engine/Content/EditorResources/SequenceRecorder/RecordingIndicator.uasset" 158
"../../../Engine/Content/EditorSounds/Notifications/CompileFailed.uasset" 159
"../../../Engine/Content/EditorSounds/Notifications/CompileFailed_Cue.uasset" 160
"../../../Engine/Content/EditorSounds/Notifications/CompileSuccess.uasset" 161
"../../../Engine/Content/EditorSounds/Notifications/CompileStart_Cue.uasset" 162
"../../../Engine/Content/EditorSounds/Notifications/CompileSuccess_Cue.uasset" 163
"../../../Engine/Content/EngineDamageTypes/DmgTypeBP_Environmental.uasset" 164
"../../../Engine/Content/EngineDebugMaterials/HeatmapGradient.uasset" 165
"../../../Engine/Content/EngineDebugMaterials/BoneWeightMaterial.uasset" 166
"../../../Engine/Content/EngineDebugMaterials/ClothMaterial.uasset" 167
"../../../Engine/Content/EngineDebugMaterials/ClothMaterial_WF.uasset" 168
"../../../Engine/Content/EngineDebugMaterials/DebugEditorMaterial.uasset" 169
"../../../Engine/Content/EngineDebugMaterials/DebugMeshMaterial.uasset" 170
"../../../Engine/Content/EngineDebugMaterials/GeomMaterial.uasset" 171
"../../../Engine/Content/EngineDebugMaterials/M_SimpleTranslucent.uasset" 172
"../../../Engine/Content/EngineFonts/Faces/RobotoBold.uasset" 173
"../../../Engine/Content/EngineFonts/Faces/RobotoBoldItalic.uasset" 174
"../../../Engine/Content/EngineFonts/Faces/RobotoItalic.uasset" 175
"../../../Engine/Content/EngineFonts/Faces/RobotoLight.uasset" 176
"../../../Engine/Content/EngineFonts/Faces/RobotoRegular.uasset" 177
"../../../Engine/Content/EngineFonts/Roboto.uasset" 178
"../../../Engine/Content/EngineFonts/Faces/RobotoTiny.uasset" 179
"../../../Engine/Content/EngineFonts/RobotoTiny.uasset" 180
"../../../Engine/Content/EngineMaterials/BaseFlattenDiffuseMap.uasset" 181
"../../../Engine/Content/EngineMaterials/BaseFlattenEmissiveMap.uasset" 182
"../../../Engine/Content/EngineMaterials/BaseFlattenGrayscaleMap.uasset" 183
"../../../Engine/Content/EngineMaterials/BaseFlattenNormalMap.uasset" 184
"../../../Engine/Content/EngineMaterials/BaseFlattenMaterial.uasset" 185
"../../../Engine/Content/EngineMaterials/DefaultBloomKernel.uasset" 186
"../../../Engine/Content/EngineMaterials/DefaultBokeh.uasset" 187
"../../../Engine/Content/EngineMaterials/DefaultDiffuse.uasset" 188
"../../../Engine/Content/EngineMaterials/DefaultDeferredDecalMaterial.uasset" 189
"../../../Engine/Content/EngineMaterials/DefaultLightFunctionMaterial.uasset" 190
"../../../Engine/Content/Functions/Engine_MaterialFunctions02/Utility/BreakOutFloat2Components.uasset" 191
"../../../Engine/Content/EngineMaterials/DefaultPostProcessMaterial.uasset" 192
"../../../Engine/Content/EngineFonts/RobotoDistanceField.uasset" 193
"../../../Engine/Content/EngineMaterials/DefaultTextMaterialOpaque.uasset" 194
"../../../Engine/Content/EngineMaterials/DefaultWhiteGrid.uasset" 195
"../../../Engine/Content/EngineMaterials/EditorBrushMaterial.uasset" 196
"../../../Engine/Content/EngineMaterials/MiniFont.uasset" 197
"../../../Engine/Content/EngineMaterials/InvalidLightmapSettings.uasset" 198
"../../../Engine/Content/EngineMaterials/M_InvalidLightmapSettings.uasset" 199
"../../../Engine/Content/Functions/Engine_MaterialFunctions02/WorldPositionOffset/CameraOffset.uasset" 200
"../../../Engine/Content/EngineMaterials/PhAT_JointLimitMaterial.uasset" 201
"../../../Engine/Content/EngineMaterials/PreintegratedSkinBRDF.uasset" 202
"../../../Engine/Content/EngineMaterials/RemoveSurfaceMaterial.uasset" 203
"../../../Engine/Content/EngineMaterials/WeightMapPlaceholderTexture.uasset" 204
"../../../Engine/Content/EngineResources/WhiteSquareTexture.uasset" 205
"../../../Engine/Content/EngineMaterials/Widget3DPassThrough.uasset" 206
"../../../Engine/Content/EngineMaterials/Widget3DPassThrough_Masked.uasset" 207
"../../../Engine/Content/EngineMaterials/Widget3DPassThrough_Opaque.uasset" 208
"../../../Engine/Content/EngineMaterials/Widget3DPassThrough_Masked_OneSided.uasset" 209
"../../../Engine/Content/EngineMaterials/Widget3DPassThrough_Opaque_OneSided.uasset" 210
"../../../Engine/Content/EngineMaterials/Widget3DPassThrough_Translucent.uasset" 211
"../../../Engine/Content/EngineMaterials/Widget3DPassThrough_Translucent_OneSided.uasset" 212
"../../../Engine/Content/EngineMeshes/Cylinder.uasset" 213
"../../../Engine/Content/EngineMeshes/Sphere.uasset" 214
"../../../Engine/Content/EngineResources/DefaultTexture.uasset" 215
"../../../Engine/Content/EngineResources/DefaultTextureCube.uasset" 216
"../../../Engine/Content/EngineResources/DefaultVolumeTexture2D.uasset" 217
"../../../Engine/Content/EngineResources/DefaultVolumeTexture.uasset" 218
"../../../Engine/Content/EngineResources/GradientTexture0.uasset" 219
"../../../Engine/Content/EngineSounds/Master.uasset" 220
"../../../Engine/Content/Functions/Engine_MaterialFunctions01/Shading/ConvertFromDiffSpec.uasset" 221
"../../../Engine/Content/Functions/Engine_MaterialFunctions01/Shading/PowerToRoughness.uasset" 222
"../../../Engine/Content/Maps/Templates/Thumbnails/Default.uasset" 223
"../../../Engine/Content/Maps/Templates/Thumbnails/VR-Basic.uasset" 224
"../../../Engine/Content/MobileResources/T_MobileControls_texture.uasset" 225
"../../../Engine/Content/MobileResources/T_MobileMenu2.uasset" 226
"../../../Engine/Content/MobileResources/HUD/AnalogHat.uasset" 227
"../../../Engine/Content/MobileResources/HUD/VirtualJoystick_Background.uasset" 228
"../../../Engine/Content/MobileResources/HUD/VirtualJoystick_Thumb.uasset" 229
"../../../Engine/Content/MobileResources/HUD/DefaultVirtualJoysticks.uasset" 230
"../../../Engine/Content/MobileResources/HUD/LeftVirtualJoystickOnly.uasset" 231
"../../../Engine/Content/MobileResources/HUD/MobileHUDButton1_off.uasset" 232
"../../../Engine/Content/MobileResources/HUD/MobileHUDButton1_on.uasset" 233
"../../../Engine/Content/MobileResources/HUD/MobileHUDButton2_off.uasset" 234
"../../../Engine/Content/MobileResources/HUD/MobileHUDButton2_on.uasset" 235
"../../../Engine/Content/MobileResources/HUD/MobileHUDButton3.uasset" 236
"../../../Engine/Content/MobileResources/HUD/MobileHUDButtonFire.uasset" 237
"../../../Engine/Content/MobileResources/HUD/MobileHUDDirectionPad.uasset" 238
"../../../Engine/Content/MobileResources/HUD/MobileHUDDirectionPad2.uasset" 239
"../../../Engine/Content/MobileResources/HUD/MobileHUDDirectionPad3.uasset" 240
"../../../Engine/Content/MobileResources/HUD/MobileHUDDirectionStick.uasset" 241
"../../../Engine/Content/MobileResources/HUD/T_Castle_ThumbstickInner.uasset" 242
"../../../Engine/Content/MobileResources/HUD/T_Castle_ThumbstickOutter.uasset" 243
"../../../Engine/Content/Tutorial/ContentIntroCurve.uasset" 244
"../../../Engine/Content/Tutorial/Basics/LevelEditorAttract.uasset" 245
"../../../Engine/Content/Tutorial/Basics/TutorialAssets/icon_tab_Levels_40x.uasset" 246
"../../../Engine/Content/Tutorial/Basics/LevelEditorOverview.uasset" 247
"../../../Engine/Content/VREditor/LaserPointer/VR_LaserPower_01.uasset" 248
"../../../Engine/Content/VREditor/TransformGizmo/TransformGizmoMaterial.uasset" 249
"../../../Engine/Content/VREditor/TransformGizmo/TranslucentTransformGizmoMaterial.uasset" 250
"../../../Engine/Content/VREditor/TransformGizmo/BoundingBoxCorner.uasset" 251
"../../../Engine/Content/VREditor/TransformGizmo/BoundingBoxEdge.uasset" 252
"../../../Engine/Content/VREditor/TransformGizmo/PlaneTranslationHandle.uasset" 253
"../../../Engine/Content/VREditor/TransformGizmo/Main.uasset" 254
"../../../Engine/Content/VREditor/TransformGizmo/Xray.uasset" 255
"../../../Engine/Content/VREditor/TransformGizmo/SM_Sequencer_Key.uasset" 256
"../../../Engine/Content/VREditor/TransformGizmo/SM_Sequencer_Node.uasset" 257
"../../Plugins/2D/Paper2D/Content/PlaceholderTextures/DummySpriteTexture.uasset" 258
"../../Plugins/2D/Paper2D/Content/DummySprite.uasset" 259
"../../Plugins/2D/Paper2D/Content/DefaultPaperTerrainMaterial.uasset" 260
"../../Plugins/2D/Paper2D/Content/DummySpriteTexture.uasset" 261
"../../Plugins/2D/Paper2D/Content/DefaultSpriteMaterial.uasset" 262
"../../Plugins/2D/Paper2D/Content/MaskedUnlitSpriteMaterial.uasset" 263
"../../Plugins/2D/Paper2D/Content/OpaqueUnlitSpriteMaterial.uasset" 264
"../../Plugins/Runtime/Oculus/OculusVR/Content/OculusMR_RenderTarget.uasset" 265
"../../../Engine/Content/Functions/Engine_MaterialFunctions02/Utility/BreakOutFloat4Components.uasset" 266
"../../../Engine/Content/Functions/Engine_MaterialFunctions02/Utility/MakeFloat2.uasset" 267
"../../../Engine/Content/Functions/Engine_MaterialFunctions02/Utility/MakeFloat3.uasset" 268
"../../Plugins/Runtime/Oculus/OculusVR/Content/Materials/OculusMR_ChromaKey.uasset" 269
"../../Plugins/Runtime/Oculus/OculusVR/Content/Materials/OculusMR_ChromaKey_Lit.uasset" 270
"../../Plugins/Runtime/Oculus/OculusVR/Content/Materials/OculusMR_OpaqueColoredMaterial.uasset" 271
"../../Plugins/Runtime/Oculus/OculusVR/Content/Materials/OculusMR_WhiteMaterial.uasset" 272
"../../Plugins/Runtime/Oculus/OculusVR/Content/Materials/PokeAHoleMaterial.uasset" 273
"../../Plugins/Runtime/Oculus/OculusVR/Content/Textures/GearVRController_AO.uasset" 274
"../../Plugins/Runtime/Oculus/OculusVR/Content/Textures/GearVRController_Color.uasset" 275
"../../Plugins/Runtime/Oculus/OculusVR/Content/Textures/GearVRController_Normal.uasset" 276
"../../Plugins/Runtime/Oculus/OculusVR/Content/Materials/GearVRControllerMaterial.uasset" 277
"../../Plugins/Runtime/Oculus/OculusVR/Content/Meshes/GearVrController.uasset" 278
"../../Plugins/Runtime/Oculus/OculusVR/Content/Textures/touchController_albedo.uasset" 279
"../../Plugins/Runtime/Oculus/OculusVR/Content/Textures/touchController_controlmap.uasset" 280
"../../Plugins/Runtime/Oculus/OculusVR/Content/Materials/touchController_mat.uasset" 281
"../../Plugins/Runtime/Oculus/OculusVR/Content/Meshes/LeftTouchController.uasset" 282
"../../Plugins/Runtime/Oculus/OculusVR/Content/Meshes/RiftHMD.uasset" 283
"../../Plugins/Runtime/Oculus/OculusVR/Content/Meshes/RightTouchController.uasset" 284
"C:/Users/Two5iveSe7en/Desktop/LevelDesign2/Cabin_NathanJ/Content/FirstPerson/Animations/FirstPerson_Fire.uasset" 285
"C:/Users/Two5iveSe7en/Desktop/LevelDesign2/Cabin_NathanJ/Content/FirstPerson/Animations/FirstPersonFire_Montage.uasset" 286
"C:/Users/Two5iveSe7en/Desktop/LevelDesign2/Cabin_NathanJ/Content/FirstPerson/Meshes/FirstPersonProjectileMaterial.uasset" 287
"C:/Users/Two5iveSe7en/Desktop/LevelDesign2/Cabin_NathanJ/Content/FirstPerson/Meshes/FirstPersonProjectileMesh.uasset" 288
"C:/Users/Two5iveSe7en/Desktop/LevelDesign2/Cabin_NathanJ/Content/FirstPersonBP/Blueprints/FirstPersonProjectile.uasset" 289
"C:/Users/Two5iveSe7en/Desktop/LevelDesign2/Cabin_NathanJ/Content/FirstPerson/Audio/FirstPersonTemplateWeaponFire02.uasset" 290
"../../../Engine/Content/Functions/Engine_MaterialFunctions02/Utility/BlendAngleCorrectedNormals.uasset" 291
"../../../Engine/Content/Functions/MaterialLayerFunctions/MatLayerBlend_NormalBlend.uasset" 292
"../../../Engine/Content/Functions/MaterialLayerFunctions/MatLayerBlend_Simple.uasset" 293
"C:/Users/Two5iveSe7en/Desktop/LevelDesign2/Cabin_NathanJ/Content/FirstPerson/Character/Materials/MaterialLayers/T_ML_Rubber_Blue_01_D.uasset" 294
"C:/Users/Two5iveSe7en/Desktop/LevelDesign2/Cabin_NathanJ/Content/FirstPerson/Character/Materials/MaterialLayers/T_ML_Rubber_Blue_01_N.uasset" 295
"C:/Users/Two5iveSe7en/Desktop/LevelDesign2/Cabin_NathanJ/Content/FirstPerson/Character/Materials/MaterialLayers/ML_GlossyBlack_Latex_UE4.uasset" 296
"C:/Users/Two5iveSe7en/Desktop/LevelDesign2/Cabin_NathanJ/Content/FirstPerson/Character/Materials/MaterialLayers/ML_Plastic_Shiny_Beige.uasset" 297
"C:/Users/Two5iveSe7en/Desktop/LevelDesign2/Cabin_NathanJ/Content/FirstPerson/Character/Materials/MaterialLayers/ML_Plastic_Shiny_Beige_LOGO.uasset" 298
"C:/Users/Two5iveSe7en/Desktop/LevelDesign2/Cabin_NathanJ/Content/FirstPerson/Character/Materials/MaterialLayers/T_ML_Aluminum01.uasset" 299
"C:/Users/Two5iveSe7en/Desktop/LevelDesign2/Cabin_NathanJ/Content/FirstPerson/Character/Materials/MaterialLayers/T_ML_Aluminum01_N.uasset" 300
"C:/Users/Two5iveSe7en/Desktop/LevelDesign2/Cabin_NathanJ/Content/FirstPerson/Character/Materials/MaterialLayers/ML_SoftMetal_UE4.uasset" 301
"C:/Users/Two5iveSe7en/Desktop/LevelDesign2/Cabin_NathanJ/Content/FirstPerson/Character/Textures/UE4_Mannequin__normals.uasset" 302
"C:/Users/Two5iveSe7en/Desktop/LevelDesign2/Cabin_NathanJ/Content/FirstPerson/Character/Textures/UE4_Mannequin_MAT_MASKA.uasset" 303
"C:/Users/Two5iveSe7en/Desktop/LevelDesign2/Cabin_NathanJ/Content/FirstPerson/Character/Materials/M_UE4Man_Body.uasset" 304
"C:/Users/Two5iveSe7en/Desktop/LevelDesign2/Cabin_NathanJ/Content/FirstPerson/Character/Mesh/SK_Mannequin_Arms_PhysicsAsset.uasset" 305
"C:/Users/Two5iveSe7en/Desktop/LevelDesign2/Cabin_NathanJ/Content/FirstPerson/Character/Mesh/SK_Mannequin_Arms.uasset" 306
"C:/Users/Two5iveSe7en/Desktop/LevelDesign2/Cabin_NathanJ/Content/FirstPerson/FPWeapon/Materials/MaterialLayers/T_ML_Rubber_Blue_01_D.uasset" 307
"C:/Users/Two5iveSe7en/Desktop/LevelDesign2/Cabin_NathanJ/Content/FirstPerson/FPWeapon/Materials/MaterialLayers/T_ML_Rubber_Blue_01_N.uasset" 308
"C:/Users/Two5iveSe7en/Desktop/LevelDesign2/Cabin_NathanJ/Content/FirstPerson/FPWeapon/Materials/MaterialLayers/ML_GlossyBlack_Latex_UE4.uasset" 309
"C:/Users/Two5iveSe7en/Desktop/LevelDesign2/Cabin_NathanJ/Content/FirstPerson/FPWeapon/Materials/MaterialLayers/ML_Plastic_Shiny_Beige.uasset" 310
"C:/Users/Two5iveSe7en/Desktop/LevelDesign2/Cabin_NathanJ/Content/FirstPerson/FPWeapon/Materials/MaterialLayers/ML_Screen.uasset" 311
"C:/Users/Two5iveSe7en/Desktop/LevelDesign2/Cabin_NathanJ/Content/FirstPerson/FPWeapon/Materials/MaterialLayers/T_ML_Aluminum01.uasset" 312
"C:/Users/Two5iveSe7en/Desktop/LevelDesign2/Cabin_NathanJ/Content/FirstPerson/FPWeapon/Materials/MaterialLayers/T_ML_Aluminum01_N.uasset" 313
"C:/Users/Two5iveSe7en/Desktop/LevelDesign2/Cabin_NathanJ/Content/FirstPerson/FPWeapon/Materials/MaterialLayers/ML_SoftMetal_UE4.uasset" 314
"C:/Users/Two5iveSe7en/Desktop/LevelDesign2/Cabin_NathanJ/Content/FirstPerson/FPWeapon/Textures/T_FPGun_M.uasset" 315
"C:/Users/Two5iveSe7en/Desktop/LevelDesign2/Cabin_NathanJ/Content/FirstPerson/FPWeapon/Textures/T_FPGun_N.uasset" 316
"C:/Users/Two5iveSe7en/Desktop/LevelDesign2/Cabin_NathanJ/Content/FirstPerson/FPWeapon/Materials/M_FPGun.uasset" 317
"C:/Users/Two5iveSe7en/Desktop/LevelDesign2/Cabin_NathanJ/Content/FirstPerson/FPWeapon/Mesh/SK_FPGun_Skeleton.uasset" 318
"C:/Users/Two5iveSe7en/Desktop/LevelDesign2/Cabin_NathanJ/Content/FirstPerson/FPWeapon/Mesh/SK_FPGun.uasset" 319
"C:/Users/Two5iveSe7en/Desktop/LevelDesign2/Cabin_NathanJ/Content/FirstPersonBP/Blueprints/FirstPersonCharacter.uasset" 320
"C:/Users/Two5iveSe7en/Desktop/LevelDesign2/Cabin_NathanJ/Content/M5VFXVOL2/BluePrints/Fire_beam_BP.uasset" 321
"../../../Engine/Content/EngineSky/C_Sky_Cloud_Color.uasset" 322
"../../../Engine/Content/EngineSky/C_Sky_Horizon_Color.uasset" 323
"../../../Engine/Content/EngineSky/C_Sky_Zenith_Color.uasset" 324
"../../../Engine/Content/EngineSky/T_Sky_Blue.uasset" 325
"../../../Engine/Content/EngineSky/T_Sky_Clouds_M.uasset" 326
"../../../Engine/Content/EngineSky/T_Sky_Stars.uasset" 327
"../../../Engine/Content/EngineSky/M_Sky_Panning_Clouds2.uasset" 328
"../../../Engine/Content/EngineSky/SM_SkySphere.uasset" 329
"../../../Engine/Content/EngineSky/BP_Sky_Sphere.uasset" 330
"C:/Users/Two5iveSe7en/Desktop/LevelDesign2/Cabin_NathanJ/Content/FirstPerson/Textures/FirstPersonCrosshair.uasset" 331
"C:/Users/Two5iveSe7en/Desktop/LevelDesign2/Cabin_NathanJ/Content/FirstPersonBP/Blueprints/FirstPersonHUD.uasset" 332
"C:/Users/Two5iveSe7en/Desktop/LevelDesign2/Cabin_NathanJ/Content/FirstPersonBP/Blueprints/FirstPersonGameMode.uasset" 333
"C:/Users/Two5iveSe7en/Desktop/LevelDesign2/Cabin_NathanJ/Content/FreeFurniturePack/Textures/T_Classic_Commode_A.uasset" 334
"C:/Users/Two5iveSe7en/Desktop/LevelDesign2/Cabin_NathanJ/Content/FreeFurniturePack/Textures/T_Classic_Commode_M_R_AO.uasset" 335
"C:/Users/Two5iveSe7en/Desktop/LevelDesign2/Cabin_NathanJ/Content/FreeFurniturePack/Textures/T_Classic_Commode_N.uasset" 336
"C:/Users/Two5iveSe7en/Desktop/LevelDesign2/Cabin_NathanJ/Content/FreeFurniturePack/Materials/M_Classic_Commode.uasset" 337
"C:/Users/Two5iveSe7en/Desktop/LevelDesign2/Cabin_NathanJ/Content/FreeFurniturePack/Meshes/SM_Classic_Commode_2.uasset" 338
"C:/Users/Two5iveSe7en/Desktop/LevelDesign2/Cabin_NathanJ/Content/FreeFurniturePack/Meshes/SM_Classic_Commode_Drawer_1.uasset" 339
"C:/Users/Two5iveSe7en/Desktop/LevelDesign2/Cabin_NathanJ/Content/FreeFurniturePack/Blueprints/BP_Classic_Commode_2.uasset" 340
"C:/Users/Two5iveSe7en/Desktop/LevelDesign2/Cabin_NathanJ/Content/FreeFurniturePack/Textures/T_Classic_Cupboard_A.uasset" 341
"C:/Users/Two5iveSe7en/Desktop/LevelDesign2/Cabin_NathanJ/Content/FreeFurniturePack/Textures/T_Classic_Cupboard_M_R_AO.uasset" 342
"C:/Users/Two5iveSe7en/Desktop/LevelDesign2/Cabin_NathanJ/Content/FreeFurniturePack/Textures/T_Classic_Cupboard_N.uasset" 343
"C:/Users/Two5iveSe7en/Desktop/LevelDesign2/Cabin_NathanJ/Content/FreeFurniturePack/Materials/M_Classic_Cupboard.uasset" 344
"C:/Users/Two5iveSe7en/Desktop/LevelDesign2/Cabin_NathanJ/Content/FreeFurniturePack/Meshes/SM_Classic_Cupboard.uasset" 345
"C:/Users/Two5iveSe7en/Desktop/LevelDesign2/Cabin_NathanJ/Content/FreeFurniturePack/Meshes/SM_Classic_Cupboard_Door_Left.uasset" 346
"C:/Users/Two5iveSe7en/Desktop/LevelDesign2/Cabin_NathanJ/Content/FreeFurniturePack/Meshes/SM_Classic_Cupboard_Door_Right.uasset" 347
"C:/Users/Two5iveSe7en/Desktop/LevelDesign2/Cabin_NathanJ/Content/FreeFurniturePack/Meshes/SM_Classic_Cupboard_Drawer.uasset" 348
"C:/Users/Two5iveSe7en/Desktop/LevelDesign2/Cabin_NathanJ/Content/FreeFurniturePack/Blueprints/BP_Classic_Cupboard.uasset" 349
"../../../Engine/Content/Engine_MI_Shaders/T_Reflection.uasset" 350
"../../../Engine/Content/Engine_MI_Shaders/M_Shader_SimpleTranslucent.uasset" 351
"C:/Users/Two5iveSe7en/Desktop/LevelDesign2/Cabin_NathanJ/Content/RiverShader/Textures/Mist_D.uasset" 352
"C:/Users/Two5iveSe7en/Desktop/LevelDesign2/Cabin_NathanJ/Content/RiverShader/Materials/Effects/Mist_Mat.uasset" 353
"C:/Users/Two5iveSe7en/Desktop/LevelDesign2/Cabin_NathanJ/Content/RiverShader/Materials/Effects/Mist_Inst.uasset" 354
"../../../Engine/Content/Functions/Engine_MaterialFunctions02/Texturing/CustomRotator.uasset" 355
"../../../Engine/Content/Functions/Engine_MaterialFunctions03/ComplexMotion/Motion_4WayChaos.uasset" 356
"../../../Engine/Content/MaterialTemplates/Textures/T_Noise01.uasset" 357
"C:/Users/Two5iveSe7en/Desktop/LevelDesign2/Cabin_NathanJ/Content/RiverShader/Textures/Splash_D.uasset" 358
"C:/Users/Two5iveSe7en/Desktop/LevelDesign2/Cabin_NathanJ/Content/RiverShader/Materials/Effects/Splash_Mat.uasset" 359
"C:/Users/Two5iveSe7en/Desktop/LevelDesign2/Cabin_NathanJ/Content/RiverShader/Materials/Effects/Splash_Inst.uasset" 360
"../../../Engine/Content/Engine_MI_Shaders/T_Base_Tile_Normal.uasset" 361
"../../../Engine/Content/Functions/Engine_MaterialFunctions03/ComplexMotion/Motion_4WayChaos_Normal.uasset" 362
"C:/Users/Two5iveSe7en/Desktop/LevelDesign2/Cabin_NathanJ/Content/RiverShader/Materials/Functions/CustomDistanceFieldGradient.uasset" 363
"../../../Engine/Content/Functions/Engine_MaterialFunctions02/ExampleContent/Textures/water_n.uasset" 364
"C:/Users/Two5iveSe7en/Desktop/LevelDesign2/Cabin_NathanJ/Content/RiverShader/Textures/FlowWater_N.uasset" 365
"C:/Users/Two5iveSe7en/Desktop/LevelDesign2/Cabin_NathanJ/Content/RiverShader/Textures/StretchNoise_G.uasset" 366
"C:/Users/Two5iveSe7en/Desktop/LevelDesign2/Cabin_NathanJ/Content/RiverShader/Textures/WaterFoam2_D.uasset" 367
"C:/Users/Two5iveSe7en/Desktop/LevelDesign2/Cabin_NathanJ/Content/RiverShader/Textures/WaterFoam_D.uasset" 368
"C:/Users/Two5iveSe7en/Desktop/LevelDesign2/Cabin_NathanJ/Content/RiverShader/Materials/RiverWater_Mat.uasset" 369
"C:/Users/Two5iveSe7en/Desktop/LevelDesign2/Cabin_NathanJ/Content/RiverShader/Materials/RiverWater_Mat_Inst.uasset" 370
"../../../Engine/Content/Functions/Engine_MaterialFunctions01/Gradient/RadialGradient.uasset" 371
"../../../Engine/Content/EditorLandscapeResources/FlattenHeightMat.uasset" 372
"../../../Engine/Content/EditorLandscapeResources/FlattenPlaneMesh.uasset" 373
"../../../Engine/Content/EditorMeshes/EditorCube.uasset" 374
"C:/Users/Two5iveSe7en/Desktop/LevelDesign2/Cabin_NathanJ/Content/RiverShader/Particles/WaterFall_Part.uasset" 375
"C:/Users/Two5iveSe7en/Desktop/LevelDesign2/Cabin_NathanJ/Content/RiverShader/Blueprints/BP_RiverWater.uasset" 376
"C:/Users/Two5iveSe7en/Desktop/LevelDesign2/Cabin_NathanJ/Content/Maps/CabinLevel_sharedassets/Dirt_LayerInfo.uasset" 377
"C:/Users/Two5iveSe7en/Desktop/LevelDesign2/Cabin_NathanJ/Content/Maps/CabinLevel_sharedassets/Grass_01_LayerInfo.uasset" 378
"C:/Users/Two5iveSe7en/Desktop/LevelDesign2/Cabin_NathanJ/Content/Maps/CabinLevel_sharedassets/Grass_02_LayerInfo.uasset" 379
"C:/Users/Two5iveSe7en/Desktop/LevelDesign2/Cabin_NathanJ/Content/Maps/CabinLevel_sharedassets/Rock_LayerInfo.uasset" 380
"C:/Users/Two5iveSe7en/Desktop/LevelDesign2/Cabin_NathanJ/Content/Maps/CabinLevel_BuiltData.uasset" 381
"../../../Engine/Content/Functions/Engine_MaterialFunctions01/Texturing/DetailTexturing.uasset" 382
"C:/Users/Two5iveSe7en/Desktop/LevelDesign2/Cabin_NathanJ/Content/FreeFurniturePack/Textures/T_Wood_A.uasset" 383
"C:/Users/Two5iveSe7en/Desktop/LevelDesign2/Cabin_NathanJ/Content/FreeFurniturePack/Textures/T_Wood_N.uasset" 384
"C:/Users/Two5iveSe7en/Desktop/LevelDesign2/Cabin_NathanJ/Content/FreeFurniturePack/Textures/T_Wood_R.uasset" 385
"C:/Users/Two5iveSe7en/Desktop/LevelDesign2/Cabin_NathanJ/Content/FreeFurniturePack/Materials/M_Modern_Table_top.uasset" 386
"C:/Users/Two5iveSe7en/Desktop/LevelDesign2/Cabin_NathanJ/Content/Textures/TexturesCom_Wood_Aged_1K_albedo.uasset" 387
"C:/Users/Two5iveSe7en/Desktop/LevelDesign2/Cabin_NathanJ/Content/Textures/TexturesCom_Wood_Aged_1K_albedo_ALT.uasset" 388
"C:/Users/Two5iveSe7en/Desktop/LevelDesign2/Cabin_NathanJ/Content/Textures/TexturesCom_Wood_Aged_1K_ao.uasset" 389
"C:/Users/Two5iveSe7en/Desktop/LevelDesign2/Cabin_NathanJ/Content/Textures/TexturesCom_Wood_Aged_1K_normal.uasset" 390
"C:/Users/Two5iveSe7en/Desktop/LevelDesign2/Cabin_NathanJ/Content/Textures/TexturesCom_Wood_Aged_1K_roughness.uasset" 391
"C:/Users/Two5iveSe7en/Desktop/LevelDesign2/Cabin_NathanJ/Content/Materials/AgedWood.uasset" 392
"C:/Users/Two5iveSe7en/Desktop/LevelDesign2/Cabin_NathanJ/Content/Textures/TexturesCom_Cobblestone13_4x4_1K_albedo.uasset" 393
"C:/Users/Two5iveSe7en/Desktop/LevelDesign2/Cabin_NathanJ/Content/Textures/TexturesCom_Cobblestone13_4x4_1K_ao.uasset" 394
"C:/Users/Two5iveSe7en/Desktop/LevelDesign2/Cabin_NathanJ/Content/Textures/TexturesCom_Cobblestone13_4x4_1K_normal.uasset" 395
"C:/Users/Two5iveSe7en/Desktop/LevelDesign2/Cabin_NathanJ/Content/Textures/TexturesCom_Cobblestone13_4x4_1K_roughness.uasset" 396
"C:/Users/Two5iveSe7en/Desktop/LevelDesign2/Cabin_NathanJ/Content/Materials/Cobblestone.uasset" 397
"C:/Users/Two5iveSe7en/Desktop/LevelDesign2/Cabin_NathanJ/Content/Textures/TexturesCom_Concrete1_1_2x1_2_1K_albedo.uasset" 398
"C:/Users/Two5iveSe7en/Desktop/LevelDesign2/Cabin_NathanJ/Content/Textures/TexturesCom_Concrete1_1_2x1_2_1K_ao.uasset" 399
"C:/Users/Two5iveSe7en/Desktop/LevelDesign2/Cabin_NathanJ/Content/Textures/TexturesCom_Concrete1_1_2x1_2_1K_normal.uasset" 400
"C:/Users/Two5iveSe7en/Desktop/LevelDesign2/Cabin_NathanJ/Content/Textures/TexturesCom_Concrete1_1_2x1_2_1K_roughness.uasset" 401
"C:/Users/Two5iveSe7en/Desktop/LevelDesign2/Cabin_NathanJ/Content/Materials/Concrete.uasset" 402
"C:/Users/Two5iveSe7en/Desktop/LevelDesign2/Cabin_NathanJ/Content/Textures/LogSiding_Albedo_Alt.uasset" 403
"C:/Users/Two5iveSe7en/Desktop/LevelDesign2/Cabin_NathanJ/Content/Textures/TexturesCom_Wood_LogSiding_1K_ao.uasset" 404
"C:/Users/Two5iveSe7en/Desktop/LevelDesign2/Cabin_NathanJ/Content/Textures/TexturesCom_Wood_LogSiding_1K_normal.uasset" 405
"C:/Users/Two5iveSe7en/Desktop/LevelDesign2/Cabin_NathanJ/Content/Textures/TexturesCom_Wood_LogSiding_1K_roughness.uasset" 406
"C:/Users/Two5iveSe7en/Desktop/LevelDesign2/Cabin_NathanJ/Content/Materials/LogSiding_Alt.uasset" 407
"C:/Users/Two5iveSe7en/Desktop/LevelDesign2/Cabin_NathanJ/Content/Textures/TexturesCom_MetalRusted0075_5_S.uasset" 408
"C:/Users/Two5iveSe7en/Desktop/LevelDesign2/Cabin_NathanJ/Content/Materials/MetalShinyRust.uasset" 409
"C:/Users/Two5iveSe7en/Desktop/LevelDesign2/Cabin_NathanJ/Content/Textures/TexturesCom_OldPlanks2_2x2_1K_albedo.uasset" 410
"C:/Users/Two5iveSe7en/Desktop/LevelDesign2/Cabin_NathanJ/Content/Textures/TexturesCom_OldPlanks2_2x2_1K_ao.uasset" 411
"C:/Users/Two5iveSe7en/Desktop/LevelDesign2/Cabin_NathanJ/Content/Textures/TexturesCom_OldPlanks2_2x2_1K_normal.uasset" 412
"C:/Users/Two5iveSe7en/Desktop/LevelDesign2/Cabin_NathanJ/Content/Textures/TexturesCom_OldPlanks2_2x2_1K_roughness.uasset" 413
"C:/Users/Two5iveSe7en/Desktop/LevelDesign2/Cabin_NathanJ/Content/Materials/OldWoodenPlanks.uasset" 414
"C:/Users/Two5iveSe7en/Desktop/LevelDesign2/Cabin_NathanJ/Content/Environment_Set/Environment/Landscape/Textures/T_ground_rocks_04_BC_H.uasset" 415
"C:/Users/Two5iveSe7en/Desktop/LevelDesign2/Cabin_NathanJ/Content/Environment_Set/Environment/Landscape/Textures/T_ground_rocks_04_MT_R_AO.uasset" 416
"C:/Users/Two5iveSe7en/Desktop/LevelDesign2/Cabin_NathanJ/Content/Environment_Set/Environment/Landscape/Textures/T_ground_rocks_04_N.uasset" 417
"C:/Users/Two5iveSe7en/Desktop/LevelDesign2/Cabin_NathanJ/Content/Materials/Landscape_MAT.uasset" 418
"C:/Users/Two5iveSe7en/Desktop/LevelDesign2/Cabin_NathanJ/Content/Materials/Landscape_MAT_Inst.uasset" 419
"../../../Engine/Content/EngineMaterials/DefaultPhysicalMaterial.uasset" 420
"C:/Users/Two5iveSe7en/Desktop/LevelDesign2/Cabin_NathanJ/Content/Environment_Set/Environment/Foliage/Textures/T_Poplar_bark_01_BC_H.uasset" 421
"C:/Users/Two5iveSe7en/Desktop/LevelDesign2/Cabin_NathanJ/Content/Environment_Set/Environment/Foliage/Textures/T_Poplar_bark_01_MT_R_AO.uasset" 422
"C:/Users/Two5iveSe7en/Desktop/LevelDesign2/Cabin_NathanJ/Content/Environment_Set/Environment/Foliage/Textures/T_Poplar_bark_01_N.uasset" 423
"C:/Users/Two5iveSe7en/Desktop/LevelDesign2/Cabin_NathanJ/Content/Environment_Set/Environment/Foliage/Materials/M_Bark.uasset" 424
"C:/Users/Two5iveSe7en/Desktop/LevelDesign2/Cabin_NathanJ/Content/Environment_Set/Environment/Foliage/Textures/T_Fir_alba_bark_01_BC.uasset" 425
"C:/Users/Two5iveSe7en/Desktop/LevelDesign2/Cabin_NathanJ/Content/Environment_Set/Environment/Foliage/Textures/T_Fir_bark_01_MT_R_AO_H.uasset" 426
"C:/Users/Two5iveSe7en/Desktop/LevelDesign2/Cabin_NathanJ/Content/Environment_Set/Environment/Foliage/Textures/T_Fir_bark_01_N.uasset" 427
"C:/Users/Two5iveSe7en/Desktop/LevelDesign2/Cabin_NathanJ/Content/Environment_Set/Environment/Foliage/Materials/MI_Bark_Fir_01.uasset" 428
"../../../Engine/Content/Functions/Engine_MaterialFunctions02/Utility/VectorToRadialValue.uasset" 429
"../../../Engine/Content/ArtTools/RenderToTexture/MaterialFunctions/FoliageZRotation.uasset" 430
"../../../Engine/Content/Functions/Engine_MaterialFunctions02/SafeNormalize.uasset" 431
"../../../Engine/Content/Functions/Engine_MaterialFunctions02/Math/CreateThirdOrthogonalVector.uasset" 432
"../../../Engine/Content/Functions/Engine_MaterialFunctions02/Math/Pi.uasset" 433
"../../../Engine/Content/Functions/Engine_MaterialFunctions02/Math/Transform3x3Matrix.uasset" 434
"../../../Engine/Content/Functions/Engine_MaterialFunctions02/ExampleContent/Textures/flipbook.uasset" 435
"../../../Engine/Content/Functions/Engine_MaterialFunctions02/Texturing/FlipBook.uasset" 436
"../../../Engine/Content/ArtTools/RenderToTexture/MaterialFunctions/ImposterUVs.uasset" 437
"../../../Engine/Content/Functions/Engine_MaterialFunctions02/Texturing/ScreenAlignedPixelToPixelUVs.uasset" 438
"../../../Engine/Content/EngineMaterials/Good64x64TilingNoiseHighFreq.uasset" 439
"../../../Engine/Content/Functions/Engine_MaterialFunctions02/Utility/DitherTemporalAA.uasset" 440
"../../../Engine/Content/Functions/Engine_MaterialFunctions02/Utility/Sign.uasset" 441
"../../../Engine/Content/Functions/Engine_MaterialFunctions02/Utility/Round.uasset" 442
"../../../Engine/Content/Functions/Engine_MaterialFunctions02/Utility/VectorLength.uasset" 443
"../../../Engine/Content/Functions/Engine_MaterialFunctions02/WorldPositionOffset/ObjectScale.uasset" 444
"C:/Users/Two5iveSe7en/Desktop/LevelDesign2/Cabin_NathanJ/Content/Environment_Set/Environment/Foliage/Textures/T_Poplar_01_Imposter_BC.uasset" 445
"C:/Users/Two5iveSe7en/Desktop/LevelDesign2/Cabin_NathanJ/Content/Environment_Set/Environment/Foliage/Textures/T_Poplar_01_Imposter_N.uasset" 446
"C:/Users/Two5iveSe7en/Desktop/LevelDesign2/Cabin_NathanJ/Content/Environment_Set/Environment/Foliage/Materials/M_Imposters.uasset" 447
"C:/Users/Two5iveSe7en/Desktop/LevelDesign2/Cabin_NathanJ/Content/Environment_Set/Environment/Foliage/Textures/T_Fir_01_Imposter_BC.uasset" 448
"C:/Users/Two5iveSe7en/Desktop/LevelDesign2/Cabin_NathanJ/Content/Environment_Set/Environment/Foliage/Textures/T_Fir_01_Imposter_N.uasset" 449
"C:/Users/Two5iveSe7en/Desktop/LevelDesign2/Cabin_NathanJ/Content/Environment_Set/Environment/Foliage/Materials/MI_Imposter_Fir_01.uasset" 450
"C:/Users/Two5iveSe7en/Desktop/LevelDesign2/Cabin_NathanJ/Content/Environment_Set/Environment/Foliage/Textures/T_Poplar_leaves_BC.uasset" 451
"C:/Users/Two5iveSe7en/Desktop/LevelDesign2/Cabin_NathanJ/Content/Environment_Set/Environment/Foliage/Textures/T_Poplar_leaves_N.uasset" 452
"C:/Users/Two5iveSe7en/Desktop/LevelDesign2/Cabin_NathanJ/Content/Environment_Set/Environment/Foliage/Textures/T_Poplar_MT_R_AO.uasset" 453
"C:/Users/Two5iveSe7en/Desktop/LevelDesign2/Cabin_NathanJ/Content/Environment_Set/Environment/Foliage/Materials/M_leaves.uasset" 454
"C:/Users/Two5iveSe7en/Desktop/LevelDesign2/Cabin_NathanJ/Content/Environment_Set/Environment/Foliage/Textures/T_Fir_leaves_BC_T.uasset" 455
"C:/Users/Two5iveSe7en/Desktop/LevelDesign2/Cabin_NathanJ/Content/Environment_Set/Environment/Foliage/Textures/T_Fir_leaves_N.uasset" 456
"C:/Users/Two5iveSe7en/Desktop/LevelDesign2/Cabin_NathanJ/Content/Environment_Set/Environment/Foliage/Materials/MI_leaves_Fir.uasset" 457
"C:/Users/Two5iveSe7en/Desktop/LevelDesign2/Cabin_NathanJ/Content/Environment_Set/Environment/Foliage/Models/Fir_01_Plant.uasset" 458
"C:/Users/Two5iveSe7en/Desktop/LevelDesign2/Cabin_NathanJ/Content/Environment_Set/Environment/Foliage/Textures/T_Fir_02_Imposter_BC.uasset" 459
"C:/Users/Two5iveSe7en/Desktop/LevelDesign2/Cabin_NathanJ/Content/Environment_Set/Environment/Foliage/Textures/T_Fir_02_Imposter_N.uasset" 460
"C:/Users/Two5iveSe7en/Desktop/LevelDesign2/Cabin_NathanJ/Content/Environment_Set/Environment/Foliage/Materials/MI_Imposter_Fir_02.uasset" 461
"C:/Users/Two5iveSe7en/Desktop/LevelDesign2/Cabin_NathanJ/Content/Environment_Set/Environment/Foliage/Models/Fir_02_Small.uasset" 462
"C:/Users/Two5iveSe7en/Desktop/LevelDesign2/Cabin_NathanJ/Content/Environment_Set/Environment/Foliage/Textures/T_Fir_bark_04_BC_MASK.uasset" 463
"C:/Users/Two5iveSe7en/Desktop/LevelDesign2/Cabin_NathanJ/Content/Environment_Set/Environment/Foliage/Textures/T_Fir_bark_04_MT_R_AO_H.uasset" 464
"C:/Users/Two5iveSe7en/Desktop/LevelDesign2/Cabin_NathanJ/Content/Environment_Set/Environment/Foliage/Textures/T_Fir_bark_04_N.uasset" 465
"C:/Users/Two5iveSe7en/Desktop/LevelDesign2/Cabin_NathanJ/Content/Environment_Set/Environment/Foliage/Materials/MI_Bark_Fir_04.uasset" 466
"C:/Users/Two5iveSe7en/Desktop/LevelDesign2/Cabin_NathanJ/Content/Environment_Set/Environment/Foliage/Textures/T_Fir_bark_02_BC.uasset" 467
"C:/Users/Two5iveSe7en/Desktop/LevelDesign2/Cabin_NathanJ/Content/Environment_Set/Environment/Foliage/Textures/T_Fir_bark_02_N.uasset" 468
"C:/Users/Two5iveSe7en/Desktop/LevelDesign2/Cabin_NathanJ/Content/Environment_Set/Environment/Foliage/Textures/T_Fir_bark_03_BC_MASK.uasset" 469
"C:/Users/Two5iveSe7en/Desktop/LevelDesign2/Cabin_NathanJ/Content/Environment_Set/Environment/Foliage/Textures/T_Fir_bark_03_MT_R_AO_H.uasset" 470
"C:/Users/Two5iveSe7en/Desktop/LevelDesign2/Cabin_NathanJ/Content/Environment_Set/Environment/Foliage/Textures/T_Fir_bark_03_N.uasset" 471
"C:/Users/Two5iveSe7en/Desktop/LevelDesign2/Cabin_NathanJ/Content/Environment_Set/Environment/Foliage/Materials/M_Bark_Blended.uasset" 472
"C:/Users/Two5iveSe7en/Desktop/LevelDesign2/Cabin_NathanJ/Content/Environment_Set/Environment/Foliage/Materials/MI_Bark_Fir_04_02.uasset" 473
"C:/Users/Two5iveSe7en/Desktop/LevelDesign2/Cabin_NathanJ/Content/Environment_Set/Environment/Foliage/Materials/MI_Bark_Fir_06_01.uasset" 474
"C:/Users/Two5iveSe7en/Desktop/LevelDesign2/Cabin_NathanJ/Content/Environment_Set/Environment/Foliage/Textures/T_Fir_06_Imposter_BC.uasset" 475
"C:/Users/Two5iveSe7en/Desktop/LevelDesign2/Cabin_NathanJ/Content/Environment_Set/Environment/Foliage/Textures/T_Fir_07_Imposter_N.uasset" 476
"C:/Users/Two5iveSe7en/Desktop/LevelDesign2/Cabin_NathanJ/Content/Environment_Set/Environment/Foliage/Materials/MI_Imposter_Fir_06.uasset" 477
"C:/Users/Two5iveSe7en/Desktop/LevelDesign2/Cabin_NathanJ/Content/Environment_Set/Environment/Foliage/Models/Fir_06_Forest.uasset" 478
"C:/Users/Two5iveSe7en/Desktop/LevelDesign2/Cabin_NathanJ/Content/Environment_Set/Environment/Foliage/Materials/MI_Bark_Fir_03_01.uasset" 479
"C:/Users/Two5iveSe7en/Desktop/LevelDesign2/Cabin_NathanJ/Content/Environment_Set/Environment/Foliage/Textures/T_Fir_07_Imposter_BC.uasset" 480
"C:/Users/Two5iveSe7en/Desktop/LevelDesign2/Cabin_NathanJ/Content/Environment_Set/Environment/Foliage/Materials/MI_Imposter_Fir_07.uasset" 481
"C:/Users/Two5iveSe7en/Desktop/LevelDesign2/Cabin_NathanJ/Content/Environment_Set/Environment/Foliage/Models/Fir_07_Forest.uasset" 482
"C:/Users/Two5iveSe7en/Desktop/LevelDesign2/Cabin_NathanJ/Content/Environment_Set/Environment/Foliage/Textures/T_Fir_bark_02_MT_R_AO_H.uasset" 483
"C:/Users/Two5iveSe7en/Desktop/LevelDesign2/Cabin_NathanJ/Content/Environment_Set/Environment/Foliage/Materials/MI_Bark_Fir_02.uasset" 484
"C:/Users/Two5iveSe7en/Desktop/LevelDesign2/Cabin_NathanJ/Content/Environment_Set/Environment/Foliage/Textures/T_Fir_bark_07_BC.uasset" 485
"C:/Users/Two5iveSe7en/Desktop/LevelDesign2/Cabin_NathanJ/Content/Environment_Set/Environment/Foliage/Textures/T_Fir_bark_07_MT_R_AO_C.uasset" 486
"C:/Users/Two5iveSe7en/Desktop/LevelDesign2/Cabin_NathanJ/Content/Environment_Set/Environment/Foliage/Textures/T_Fir_bark_07_N.uasset" 487
"C:/Users/Two5iveSe7en/Desktop/LevelDesign2/Cabin_NathanJ/Content/Environment_Set/Environment/Foliage/Materials/MI_Bark_Fir_dead_02.uasset" 488
"C:/Users/Two5iveSe7en/Desktop/LevelDesign2/Cabin_NathanJ/Content/Environment_Set/Environment/Foliage/Textures/T_Fir_08_Imposter_BC.uasset" 489
"C:/Users/Two5iveSe7en/Desktop/LevelDesign2/Cabin_NathanJ/Content/Environment_Set/Environment/Foliage/Textures/T_Fir_08_Imposter_N.uasset" 490
"C:/Users/Two5iveSe7en/Desktop/LevelDesign2/Cabin_NathanJ/Content/Environment_Set/Environment/Foliage/Materials/MI_Imposter_Fir_08.uasset" 491
"C:/Users/Two5iveSe7en/Desktop/LevelDesign2/Cabin_NathanJ/Content/Environment_Set/Environment/Foliage/Models/Fir_08_Dead_Forest.uasset" 492
"C:/Users/Two5iveSe7en/Desktop/LevelDesign2/Cabin_NathanJ/Content/Environment_Set/Environment/Foliage/Materials/MI_Grass_Material.uasset" 493
"C:/Users/Two5iveSe7en/Desktop/LevelDesign2/Cabin_NathanJ/Content/Environment_Set/Environment/Foliage/Models/SM_grass_bush_01.uasset" 494
"C:/Users/Two5iveSe7en/Desktop/LevelDesign2/Cabin_NathanJ/Content/Environment_Set/Environment/Foliage/Models/SM_grass_bush_04.uasset" 495
"C:/Users/Two5iveSe7en/Desktop/LevelDesign2/Cabin_NathanJ/Content/Environment_Set/Environment/Foliage/Models/SM_grass_bush_simple_01.uasset" 496
"C:/Users/Two5iveSe7en/Desktop/LevelDesign2/Cabin_NathanJ/Content/Environment_Set/Environment/Foliage/Models/SM_grass_bush_simple_02.uasset" 497
"C:/Users/Two5iveSe7en/Desktop/LevelDesign2/Cabin_NathanJ/Content/Environment_Set/Environment/Foliage/Models/SM_grass_bush_simple_03.uasset" 498
"C:/Users/Two5iveSe7en/Desktop/LevelDesign2/Cabin_NathanJ/Content/Environment_Set/Environment/Foliage/Textures/T_ground_foliage_01_BC_M.uasset" 499
"C:/Users/Two5iveSe7en/Desktop/LevelDesign2/Cabin_NathanJ/Content/Environment_Set/Environment/Foliage/Textures/T_ground_foliage_01_MT_R_AO.uasset" 500
"C:/Users/Two5iveSe7en/Desktop/LevelDesign2/Cabin_NathanJ/Content/Environment_Set/Environment/Foliage/Textures/T_ground_foliage_01_N.uasset" 501
"C:/Users/Two5iveSe7en/Desktop/LevelDesign2/Cabin_NathanJ/Content/Environment_Set/Environment/Foliage/Materials/MI_Foliage_Material.uasset" 502
"C:/Users/Two5iveSe7en/Desktop/LevelDesign2/Cabin_NathanJ/Content/Environment_Set/Environment/Foliage/Models/SM_ground_foliage_01.uasset" 503
"C:/Users/Two5iveSe7en/Desktop/LevelDesign2/Cabin_NathanJ/Content/Environment_Set/Environment/Foliage/Models/SM_ground_foliage_01_flowery.uasset" 504
"C:/Users/Two5iveSe7en/Desktop/LevelDesign2/Cabin_NathanJ/Content/Environment_Set/Environment/Foliage/Models/SM_ground_foliage_02_1.uasset" 505
"C:/Users/Two5iveSe7en/Desktop/LevelDesign2/Cabin_NathanJ/Content/Environment_Set/Environment/Foliage/Textures/T_ground_foliage_03_BC_M.uasset" 506
"C:/Users/Two5iveSe7en/Desktop/LevelDesign2/Cabin_NathanJ/Content/Environment_Set/Environment/Foliage/Textures/T_ground_foliage_03_MT_R_AO.uasset" 507
"C:/Users/Two5iveSe7en/Desktop/LevelDesign2/Cabin_NathanJ/Content/Environment_Set/Environment/Foliage/Textures/T_ground_foliage_03_N.uasset" 508
"C:/Users/Two5iveSe7en/Desktop/LevelDesign2/Cabin_NathanJ/Content/Environment_Set/Environment/Foliage/Materials/MI_Foliage_3_Material.uasset" 509
"C:/Users/Two5iveSe7en/Desktop/LevelDesign2/Cabin_NathanJ/Content/Environment_Set/Environment/Foliage/Models/SM_ground_foliage_03_SM_ground_foliage_03.uasset" 510
"C:/Users/Two5iveSe7en/Desktop/LevelDesign2/Cabin_NathanJ/Content/Environment_Set/Environment/Foliage/Textures/T_ground_foliage_04_BC_M.uasset" 511
"C:/Users/Two5iveSe7en/Desktop/LevelDesign2/Cabin_NathanJ/Content/Environment_Set/Environment/Foliage/Textures/T_ground_foliage_04_MT_R_AO.uasset" 512
"C:/Users/Two5iveSe7en/Desktop/LevelDesign2/Cabin_NathanJ/Content/Environment_Set/Environment/Foliage/Textures/T_ground_foliage_04_N.uasset" 513
"C:/Users/Two5iveSe7en/Desktop/LevelDesign2/Cabin_NathanJ/Content/Environment_Set/Environment/Foliage/Materials/MI_Foliage_4_Material.uasset" 514
"C:/Users/Two5iveSe7en/Desktop/LevelDesign2/Cabin_NathanJ/Content/Environment_Set/Environment/Foliage/Models/SM_ground_foliage_04_0_SM_ground_foliage_04_0.uasset" 515
"C:/Users/Two5iveSe7en/Desktop/LevelDesign2/Cabin_NathanJ/Content/Environment_Set/Environment/Foliage/Textures/T_trunk_01_BC.uasset" 516
"C:/Users/Two5iveSe7en/Desktop/LevelDesign2/Cabin_NathanJ/Content/Environment_Set/Environment/Foliage/Textures/T_trunk_01_MT_R_AO.uasset" 517
"C:/Users/Two5iveSe7en/Desktop/LevelDesign2/Cabin_NathanJ/Content/Environment_Set/Environment/Foliage/Textures/T_trunk_01_N.uasset" 518
"C:/Users/Two5iveSe7en/Desktop/LevelDesign2/Cabin_NathanJ/Content/Environment_Set/Environment/Foliage/Materials/MI_trunks.uasset" 519
"C:/Users/Two5iveSe7en/Desktop/LevelDesign2/Cabin_NathanJ/Content/Environment_Set/Environment/Foliage/Models/SM_trunk_01.uasset" 520
"C:/Users/Two5iveSe7en/Desktop/LevelDesign2/Cabin_NathanJ/Content/Environment_Set/Environment/Foliage/Textures/T_trunk_02_BC.uasset" 521
"C:/Users/Two5iveSe7en/Desktop/LevelDesign2/Cabin_NathanJ/Content/Environment_Set/Environment/Foliage/Textures/T_trunk_02_MT_R_AO.uasset" 522
"C:/Users/Two5iveSe7en/Desktop/LevelDesign2/Cabin_NathanJ/Content/Environment_Set/Environment/Foliage/Textures/T_trunk_02_N.uasset" 523
"C:/Users/Two5iveSe7en/Desktop/LevelDesign2/Cabin_NathanJ/Content/Environment_Set/Environment/Foliage/Materials/MI_trunks2.uasset" 524
"C:/Users/Two5iveSe7en/Desktop/LevelDesign2/Cabin_NathanJ/Content/Environment_Set/Environment/Foliage/Models/SM_trunk_02.uasset" 525
"C:/Users/Two5iveSe7en/Desktop/LevelDesign2/Cabin_NathanJ/Content/FreeFurniturePack/Textures/T_Classic_chair_a.uasset" 526
"C:/Users/Two5iveSe7en/Desktop/LevelDesign2/Cabin_NathanJ/Content/FreeFurniturePack/Textures/T_Classic_chair_m_r_ao.uasset" 527
"C:/Users/Two5iveSe7en/Desktop/LevelDesign2/Cabin_NathanJ/Content/FreeFurniturePack/Textures/T_Classic_chair_n.uasset" 528
"C:/Users/Two5iveSe7en/Desktop/LevelDesign2/Cabin_NathanJ/Content/FreeFurniturePack/Materials/M_Classic_chair.uasset" 529
"C:/Users/Two5iveSe7en/Desktop/LevelDesign2/Cabin_NathanJ/Content/FreeFurniturePack/Meshes/SM_Classic_chair.uasset" 530
"C:/Users/Two5iveSe7en/Desktop/LevelDesign2/Cabin_NathanJ/Content/FreeFurniturePack/Textures/T_Classic_Leather_sofa_2_a.uasset" 531
"C:/Users/Two5iveSe7en/Desktop/LevelDesign2/Cabin_NathanJ/Content/FreeFurniturePack/Textures/T_Classic_Leather_Sofa_2_M_R_AO.uasset" 532
"C:/Users/Two5iveSe7en/Desktop/LevelDesign2/Cabin_NathanJ/Content/FreeFurniturePack/Textures/T_Classic_Leather_sofa_2_n.uasset" 533
"C:/Users/Two5iveSe7en/Desktop/LevelDesign2/Cabin_NathanJ/Content/FreeFurniturePack/Textures/T_Leather_N.uasset" 534
"C:/Users/Two5iveSe7en/Desktop/LevelDesign2/Cabin_NathanJ/Content/FreeFurniturePack/Materials/M_Classic_Leather_sofa_2.uasset" 535
"C:/Users/Two5iveSe7en/Desktop/LevelDesign2/Cabin_NathanJ/Content/FreeFurniturePack/Meshes/SM_Classic_Leather_sofa_2.uasset" 536
"C:/Users/Two5iveSe7en/Desktop/LevelDesign2/Cabin_NathanJ/Content/FreeFurniturePack/Materials/M_Chrome.uasset" 537
"C:/Users/Two5iveSe7en/Desktop/LevelDesign2/Cabin_NathanJ/Content/FreeFurniturePack/Materials/M_Modern_Table_bottom.uasset" 538
"C:/Users/Two5iveSe7en/Desktop/LevelDesign2/Cabin_NathanJ/Content/FreeFurniturePack/Meshes/SM_Modern_Table.uasset" 539
"C:/Users/Two5iveSe7en/Desktop/LevelDesign2/Cabin_NathanJ/Content/FreeFurniturePack/Textures/T_Old_Chair_a.uasset" 540
"C:/Users/Two5iveSe7en/Desktop/LevelDesign2/Cabin_NathanJ/Content/FreeFurniturePack/Textures/T_Old_Chair_m_r_ao.uasset" 541
"C:/Users/Two5iveSe7en/Desktop/LevelDesign2/Cabin_NathanJ/Content/FreeFurniturePack/Textures/T_Old_Chair_N.uasset" 542
"C:/Users/Two5iveSe7en/Desktop/LevelDesign2/Cabin_NathanJ/Content/FreeFurniturePack/Materials/M_Old_Chair.uasset" 543
"C:/Users/Two5iveSe7en/Desktop/LevelDesign2/Cabin_NathanJ/Content/FreeFurniturePack/Meshes/SM_Old_Chair.uasset" 544
"C:/Users/Two5iveSe7en/Desktop/LevelDesign2/Cabin_NathanJ/Content/FreeFurniturePack/Textures/T_Old_Table_a.uasset" 545
"C:/Users/Two5iveSe7en/Desktop/LevelDesign2/Cabin_NathanJ/Content/FreeFurniturePack/Textures/T_Old_table_m_r_ao.uasset" 546
"C:/Users/Two5iveSe7en/Desktop/LevelDesign2/Cabin_NathanJ/Content/FreeFurniturePack/Textures/T_Old_Table_n.uasset" 547
"C:/Users/Two5iveSe7en/Desktop/LevelDesign2/Cabin_NathanJ/Content/FreeFurniturePack/Materials/M_Old_Table.uasset" 548
"C:/Users/Two5iveSe7en/Desktop/LevelDesign2/Cabin_NathanJ/Content/FreeFurniturePack/Meshes/SM_Old_Table.uasset" 549
"C:/Users/Two5iveSe7en/Desktop/LevelDesign2/Cabin_NathanJ/Content/InfinityBladeGrassLands/Environments/Breakables/StaticMesh/Box/SM_Env_Breakables_Box1.uasset" 550
"C:/Users/Two5iveSe7en/Desktop/LevelDesign2/Cabin_NathanJ/Content/InfinityBladeGrassLands/Environments/Breakables/StaticMesh/Box/SM_Env_Breakables_Boxes.uasset" 551
"C:/Users/Two5iveSe7en/Desktop/LevelDesign2/Cabin_NathanJ/Content/InfinityBladeGrassLands/Environments/Misc/Exo_Deco01/StaticMesh/SM_Exo_Cart_Damaged.uasset" 552
"C:/Users/Two5iveSe7en/Desktop/LevelDesign2/Cabin_NathanJ/Content/InfinityBladeGrassLands/Environments/Misc/Exo_Deco01/Textures/T_Exo_Crate_Open_D.uasset" 553
"C:/Users/Two5iveSe7en/Desktop/LevelDesign2/Cabin_NathanJ/Content/InfinityBladeGrassLands/Environments/Misc/Exo_Deco01/Textures/T_Exo_Crate_Open_N.uasset" 554
"C:/Users/Two5iveSe7en/Desktop/LevelDesign2/Cabin_NathanJ/Content/InfinityBladeGrassLands/Environments/Misc/Exo_Deco01/Materials/M_Exo_Crate_Open.uasset" 555
"C:/Users/Two5iveSe7en/Desktop/LevelDesign2/Cabin_NathanJ/Content/InfinityBladeGrassLands/Environments/Misc/Exo_Deco01/StaticMesh/SM_Exo_Crate_Open_Damaged.uasset" 556
"C:/Users/Two5iveSe7en/Desktop/LevelDesign2/Cabin_NathanJ/Content/InfinityBladeGrassLands/Environments/Misc/Exo_Deco01/StaticMesh/SM_Exo_Crate_Open_Destroyed.uasset" 557
"C:/Users/Two5iveSe7en/Desktop/LevelDesign2/Cabin_NathanJ/Content/InfinityBladeGrassLands/Environments/Misc/Exo_Deco01/StaticMesh/SM_Exo_Crate_Open_Intact.uasset" 558
"C:/Users/Two5iveSe7en/Desktop/LevelDesign2/Cabin_NathanJ/Content/InfinityBladeGrassLands/Environments/Misc/Exo_Deco01/Textures/T_WoodenBarrel_01_D.uasset" 559
"C:/Users/Two5iveSe7en/Desktop/LevelDesign2/Cabin_NathanJ/Content/InfinityBladeGrassLands/Environments/Misc/Exo_Deco01/Textures/T_WoodenBarrel_01_N.uasset" 560
"C:/Users/Two5iveSe7en/Desktop/LevelDesign2/Cabin_NathanJ/Content/InfinityBladeGrassLands/Environments/Misc/Exo_Deco01/Materials/M_WoodenBarrel_01.uasset" 561
"C:/Users/Two5iveSe7en/Desktop/LevelDesign2/Cabin_NathanJ/Content/InfinityBladeGrassLands/Environments/Misc/Exo_Deco01/StaticMesh/SM_WoodenBarrel_Damaged.uasset" 562
"C:/Users/Two5iveSe7en/Desktop/LevelDesign2/Cabin_NathanJ/Content/InfinityBladeGrassLands/Environments/Misc/Exo_Deco01/StaticMesh/SM_WoodenBarrel_Destroyed.uasset" 563
"C:/Users/Two5iveSe7en/Desktop/LevelDesign2/Cabin_NathanJ/Content/InfinityBladeGrassLands/Environments/Misc/Exo_Deco01/StaticMesh/SM_WoodenBarrel_Intact.uasset" 564
"../../../Engine/Content/Functions/Engine_MaterialFunctions01/Texturing/FlattenNormal.uasset" 565
"C:/Users/Two5iveSe7en/Desktop/LevelDesign2/Cabin_NathanJ/Content/M5VFXVOL2/Textures/firesingle/bigfire_single.uasset" 566
"C:/Users/Two5iveSe7en/Desktop/LevelDesign2/Cabin_NathanJ/Content/M5VFXVOL2/Textures/Flow/disort_test2.uasset" 567
"C:/Users/Two5iveSe7en/Desktop/LevelDesign2/Cabin_NathanJ/Content/M5VFXVOL2/Textures/Flow/EmberNoise3.uasset" 568
"C:/Users/Two5iveSe7en/Desktop/LevelDesign2/Cabin_NathanJ/Content/M5VFXVOL2/Materials/Master/Distortion_Mat.uasset" 569
"C:/Users/Two5iveSe7en/Desktop/LevelDesign2/Cabin_NathanJ/Content/M5VFXVOL2/Materials/Distortion/Distortion_Mat_Inst2.uasset" 570
"C:/Users/Two5iveSe7en/Desktop/LevelDesign2/Cabin_NathanJ/Content/M5VFXVOL2/Textures/Flow/Flame.uasset" 571
"C:/Users/Two5iveSe7en/Desktop/LevelDesign2/Cabin_NathanJ/Content/M5VFXVOL2/Materials/Master/Basic_Emi_Mat.uasset" 572
"C:/Users/Two5iveSe7en/Desktop/LevelDesign2/Cabin_NathanJ/Content/M5VFXVOL2/Materials/Etc/Flame_Inst.uasset" 573
"C:/Users/Two5iveSe7en/Desktop/LevelDesign2/Cabin_NathanJ/Content/M5VFXVOL2/Textures/CandleFire/CandleFire_D.uasset" 574
"C:/Users/Two5iveSe7en/Desktop/LevelDesign2/Cabin_NathanJ/Content/M5VFXVOL2/Materials/Master/Sequence_Mat.uasset" 575
"C:/Users/Two5iveSe7en/Desktop/LevelDesign2/Cabin_NathanJ/Content/M5VFXVOL2/Textures/Fire/bonefire_fwd2.uasset" 576
"C:/Users/Two5iveSe7en/Desktop/LevelDesign2/Cabin_NathanJ/Content/M5VFXVOL2/Materials/Fire_Inst/BoneFire_fwd2_Inst.uasset" 577
"C:/Users/Two5iveSe7en/Desktop/LevelDesign2/Cabin_NathanJ/Content/M5VFXVOL2/Textures/Fireloop/bonefire.uasset" 578
"C:/Users/Two5iveSe7en/Desktop/LevelDesign2/Cabin_NathanJ/Content/M5VFXVOL2/Materials/Fireloop_Inst/BoneFire_Inst.uasset" 579
"C:/Users/Two5iveSe7en/Desktop/LevelDesign2/Cabin_NathanJ/Content/M5VFXVOL2/Textures/Flow/Circle_normal.uasset" 580
"C:/Users/Two5iveSe7en/Desktop/LevelDesign2/Cabin_NathanJ/Content/M5VFXVOL2/Textures/smoke/0_6_smoke.uasset" 581
"C:/Users/Two5iveSe7en/Desktop/LevelDesign2/Cabin_NathanJ/Content/M5VFXVOL2/Materials/Master/Smoke1_Mat.uasset" 582
"C:/Users/Two5iveSe7en/Desktop/LevelDesign2/Cabin_NathanJ/Content/M5VFXVOL2/Textures/smoke/1_6_smoke2_vg2.uasset" 583
"C:/Users/Two5iveSe7en/Desktop/LevelDesign2/Cabin_NathanJ/Content/M5VFXVOL2/Materials/Smoke_Inst/1_6_smoke2_vg2_Inst.uasset" 584
"C:/Users/Two5iveSe7en/Desktop/LevelDesign2/Cabin_NathanJ/Content/M5VFXVOL2/Particles/Fire/Fire_03.uasset" 585
"../../../Engine/Content/Functions/Engine_MaterialFunctions01/Gradient/LinearGradient.uasset" 586
"../../../Engine/Content/Functions/Engine_MaterialFunctions01/ImageAdjustment/CheapContrast.uasset" 587
"../../../Engine/Content/Functions/Engine_MaterialFunctions01/Texturing/WorldAlignedTexture.uasset" 588
"C:/Users/Two5iveSe7en/Desktop/LevelDesign2/Cabin_NathanJ/Content/M5VFXVOL2/Demo/Textures/desert.uasset" 589
"C:/Users/Two5iveSe7en/Desktop/LevelDesign2/Cabin_NathanJ/Content/M5VFXVOL2/Demo/Textures/Grid_Tex.uasset" 590
"C:/Users/Two5iveSe7en/Desktop/LevelDesign2/Cabin_NathanJ/Content/M5VFXVOL2/Demo/Materials/BG_Grid_Mat.uasset" 591
"C:/Users/Two5iveSe7en/Desktop/LevelDesign2/Cabin_NathanJ/Content/M5VFXVOL2/Demo/Materials/BG_inst7.uasset" 592
"C:/Users/Two5iveSe7en/Desktop/LevelDesign2/Cabin_NathanJ/Content/M5VFXVOL2/Textures/Flow/Temper.uasset" 593
"C:/Users/Two5iveSe7en/Desktop/LevelDesign2/Cabin_NathanJ/Content/M5VFXVOL2/Materials/Master/Gradient_Mat.uasset" 594
"C:/Users/Two5iveSe7en/Desktop/LevelDesign2/Cabin_NathanJ/Content/M5VFXVOL2/Materials/Etc/Gradient_Mat_Inst.uasset" 595
"C:/Users/Two5iveSe7en/Desktop/LevelDesign2/Cabin_NathanJ/Content/M5VFXVOL2/Props/Meshes/candle.uasset" 596
"C:/Users/Two5iveSe7en/Desktop/LevelDesign2/Cabin_NathanJ/Content/Textures/TexturesCom_Wood_LogSiding_1K_albedo.uasset" 597
"C:/Users/Two5iveSe7en/Desktop/LevelDesign2/Cabin_NathanJ/Content/Materials/LogSiding.uasset" 598
"C:/Users/Two5iveSe7en/Desktop/LevelDesign2/Cabin_NathanJ/Content/Meshes/Beam_610.uasset" 599
"C:/Users/Two5iveSe7en/Desktop/LevelDesign2/Cabin_NathanJ/Content/Meshes/Beam_910.uasset" 600
"C:/Users/Two5iveSe7en/Desktop/LevelDesign2/Cabin_NathanJ/Content/Meshes/Bridge.uasset" 601
"C:/Users/Two5iveSe7en/Desktop/LevelDesign2/Cabin_NathanJ/Content/Textures/TexturesCom_Paint_MachineVintage_1K_albedo.uasset" 602
"C:/Users/Two5iveSe7en/Desktop/LevelDesign2/Cabin_NathanJ/Content/Textures/TexturesCom_Paint_MachineVintage_1K_normal.uasset" 603
"C:/Users/Two5iveSe7en/Desktop/LevelDesign2/Cabin_NathanJ/Content/Textures/TexturesCom_Paint_MachineVintage_1K_roughness.uasset" 604
"C:/Users/Two5iveSe7en/Desktop/LevelDesign2/Cabin_NathanJ/Content/Materials/BlackPaintedMetal.uasset" 605
"C:/Users/Two5iveSe7en/Desktop/LevelDesign2/Cabin_NathanJ/Content/Meshes/Counter.uasset" 606
"C:/Users/Two5iveSe7en/Desktop/LevelDesign2/Cabin_NathanJ/Content/Textures/Bitmap2Material_3_Ambient_Occlusion.uasset" 607
"C:/Users/Two5iveSe7en/Desktop/LevelDesign2/Cabin_NathanJ/Content/Textures/Bitmap2Material_3_Base_Color.uasset" 608
"C:/Users/Two5iveSe7en/Desktop/LevelDesign2/Cabin_NathanJ/Content/Textures/Bitmap2Material_3_Normal.uasset" 609
"C:/Users/Two5iveSe7en/Desktop/LevelDesign2/Cabin_NathanJ/Content/Materials/DeerRug.uasset" 610
"C:/Users/Two5iveSe7en/Desktop/LevelDesign2/Cabin_NathanJ/Content/Meshes/DeerRug.uasset" 611
"C:/Users/Two5iveSe7en/Desktop/LevelDesign2/Cabin_NathanJ/Content/Meshes/Door.uasset" 612
"C:/Users/Two5iveSe7en/Desktop/LevelDesign2/Cabin_NathanJ/Content/Meshes/Door_300x300.uasset" 613
"C:/Users/Two5iveSe7en/Desktop/LevelDesign2/Cabin_NathanJ/Content/Meshes/Door_Frame.uasset" 614
"C:/Users/Two5iveSe7en/Desktop/LevelDesign2/Cabin_NathanJ/Content/Textures/Dresser_BaseColor.uasset" 615
"C:/Users/Two5iveSe7en/Desktop/LevelDesign2/Cabin_NathanJ/Content/Textures/Dresser_Normal.uasset" 616
"C:/Users/Two5iveSe7en/Desktop/LevelDesign2/Cabin_NathanJ/Content/Textures/Dresser_OcclusionRoughnessMetallic.uasset" 617
"C:/Users/Two5iveSe7en/Desktop/LevelDesign2/Cabin_NathanJ/Content/Materials/Dresser1.uasset" 618
"C:/Users/Two5iveSe7en/Desktop/LevelDesign2/Cabin_NathanJ/Content/Meshes/Dresser.uasset" 619
"C:/Users/Two5iveSe7en/Desktop/LevelDesign2/Cabin_NathanJ/Content/Meshes/Firepit.uasset" 620
"C:/Users/Two5iveSe7en/Desktop/LevelDesign2/Cabin_NathanJ/Content/Meshes/Fireplace.uasset" 621
"C:/Users/Two5iveSe7en/Desktop/LevelDesign2/Cabin_NathanJ/Content/Meshes/FireplaceWall_300x300.uasset" 622
"C:/Users/Two5iveSe7en/Desktop/LevelDesign2/Cabin_NathanJ/Content/Meshes/Floor_300x300.uasset" 623
"C:/Users/Two5iveSe7en/Desktop/LevelDesign2/Cabin_NathanJ/Content/Meshes/Foundation.uasset" 624
"C:/Users/Two5iveSe7en/Desktop/LevelDesign2/Cabin_NathanJ/Content/Meshes/Gate.uasset" 625
"C:/Users/Two5iveSe7en/Desktop/LevelDesign2/Cabin_NathanJ/Content/Textures/Mattress_Dirty.uasset" 626
"C:/Users/Two5iveSe7en/Desktop/LevelDesign2/Cabin_NathanJ/Content/Materials/mattressMat.uasset" 627
"C:/Users/Two5iveSe7en/Desktop/LevelDesign2/Cabin_NathanJ/Content/Meshes/mattress.uasset" 628
"C:/Users/Two5iveSe7en/Desktop/LevelDesign2/Cabin_NathanJ/Content/Meshes/Post_300.uasset" 629
"C:/Users/Two5iveSe7en/Desktop/LevelDesign2/Cabin_NathanJ/Content/Meshes/Railing_Beam.uasset" 630
"C:/Users/Two5iveSe7en/Desktop/LevelDesign2/Cabin_NathanJ/Content/Meshes/Railing_Post.uasset" 631
"C:/Users/Two5iveSe7en/Desktop/LevelDesign2/Cabin_NathanJ/Content/Textures/TexturesCom_Roofing_AsbestosMessy_1K_albedo.uasset" 632
"C:/Users/Two5iveSe7en/Desktop/LevelDesign2/Cabin_NathanJ/Content/Textures/TexturesCom_Roofing_AsbestosMessy_1K_ao.uasset" 633
"C:/Users/Two5iveSe7en/Desktop/LevelDesign2/Cabin_NathanJ/Content/Textures/TexturesCom_Roofing_AsbestosMessy_1K_metallic.uasset" 634
"C:/Users/Two5iveSe7en/Desktop/LevelDesign2/Cabin_NathanJ/Content/Textures/TexturesCom_Roofing_AsbestosMessy_1K_normal.uasset" 635
"C:/Users/Two5iveSe7en/Desktop/LevelDesign2/Cabin_NathanJ/Content/Textures/TexturesCom_Roofing_AsbestosMessy_1K_roughness.uasset" 636
"C:/Users/Two5iveSe7en/Desktop/LevelDesign2/Cabin_NathanJ/Content/Materials/RoofMat.uasset" 637
"C:/Users/Two5iveSe7en/Desktop/LevelDesign2/Cabin_NathanJ/Content/Meshes/Roof_Large.uasset" 638
"C:/Users/Two5iveSe7en/Desktop/LevelDesign2/Cabin_NathanJ/Content/Meshes/Roof_Small.uasset" 639
"C:/Users/Two5iveSe7en/Desktop/LevelDesign2/Cabin_NathanJ/Content/Meshes/Roof_Triangle_600_Wide.uasset" 640
"C:/Users/Two5iveSe7en/Desktop/LevelDesign2/Cabin_NathanJ/Content/Meshes/Roof_Triangle_900_B.uasset" 641
"C:/Users/Two5iveSe7en/Desktop/LevelDesign2/Cabin_NathanJ/Content/Meshes/Roof_Triangle_900x200.uasset" 642
"C:/Users/Two5iveSe7en/Desktop/LevelDesign2/Cabin_NathanJ/Content/Meshes/Stairs.uasset" 643
"C:/Users/Two5iveSe7en/Desktop/LevelDesign2/Cabin_NathanJ/Content/Meshes/Stove.uasset" 644
"C:/Users/Two5iveSe7en/Desktop/LevelDesign2/Cabin_NathanJ/Content/Meshes/Wall_300x300.uasset" 645
"C:/Users/Two5iveSe7en/Desktop/LevelDesign2/Cabin_NathanJ/Content/Materials/Transparent.uasset" 646
"C:/Users/Two5iveSe7en/Desktop/LevelDesign2/Cabin_NathanJ/Content/Meshes/Window.uasset" 647
"C:/Users/Two5iveSe7en/Desktop/LevelDesign2/Cabin_NathanJ/Content/Meshes/Window_300x300.uasset" 648
"C:/Users/Two5iveSe7en/Desktop/LevelDesign2/Cabin_NathanJ/Content/Meshes/Window_Large.uasset" 649
"C:/Users/Two5iveSe7en/Desktop/LevelDesign2/Cabin_NathanJ/Content/Meshes/Window_Large_300x300.uasset" 650
"../../../Engine/Content/EngineMaterials/FlatNormal.uasset" 651
"../../../Engine/Content/EngineResources/Black.uasset" 652
"C:/Users/Two5iveSe7en/Desktop/LevelDesign2/Cabin_NathanJ/Content/NOT_KiteDemo_IPromise/Textures/T_CliffRock_03_N.uasset" 653
"C:/Users/Two5iveSe7en/Desktop/LevelDesign2/Cabin_NathanJ/Content/NOT_KiteDemo_IPromise/Textures/T_CliffRockTile_03_D.uasset" 654
"C:/Users/Two5iveSe7en/Desktop/LevelDesign2/Cabin_NathanJ/Content/NOT_KiteDemo_IPromise/Material/M_Photoscan_Master.uasset" 655
"C:/Users/Two5iveSe7en/Desktop/LevelDesign2/Cabin_NathanJ/Content/NOT_KiteDemo_IPromise/Environments/Rocks/Large_Volcanic_Rock_001/T_GDC_LargeVolcanicRock_001_N.uasset" 656
"C:/Users/Two5iveSe7en/Desktop/LevelDesign2/Cabin_NathanJ/Content/NOT_KiteDemo_IPromise/Environments/Rocks/Large_Volcanic_Rock_001/T_GDC_LargeVolcanicRock_001_D2_R.uasset" 657
"C:/Users/Two5iveSe7en/Desktop/LevelDesign2/Cabin_NathanJ/Content/NOT_KiteDemo_IPromise/Environments/Rocks/Large_Volcanic_Rock_001/MI_Large_VolcanicRock_002.uasset" 658
"C:/Users/Two5iveSe7en/Desktop/LevelDesign2/Cabin_NathanJ/Content/NOT_KiteDemo_IPromise/Environments/Rocks/Large_Volcanic_Rock_001/LargeVolcanicRock_002.uasset" 659
"C:/Users/Two5iveSe7en/Desktop/LevelDesign2/Cabin_NathanJ/Content/NOT_KiteDemo_IPromise/Environments/Rocks/LargePlainsBoulder002/T_LargePlainsBoulder002_N.uasset" 660
"C:/Users/Two5iveSe7en/Desktop/LevelDesign2/Cabin_NathanJ/Content/NOT_KiteDemo_IPromise/Environments/Rocks/LargePlainsBoulder002/T_LargePlainsBoulder002_D_R.uasset" 661
"C:/Users/Two5iveSe7en/Desktop/LevelDesign2/Cabin_NathanJ/Content/NOT_KiteDemo_IPromise/Environments/Rocks/LargePlainsBoulder002/MI_LargePlainsBoulder002.uasset" 662
"C:/Users/Two5iveSe7en/Desktop/LevelDesign2/Cabin_NathanJ/Content/NOT_KiteDemo_IPromise/Environments/Rocks/LargePlainsBoulder002/SM_LargePlainsBoulder002.uasset" 663
"C:/Users/Two5iveSe7en/Desktop/LevelDesign2/Cabin_NathanJ/Content/NOT_KiteDemo_IPromise/Environments/Rocks/Medium_Boulder_001/Medium_Boulder_001_N_4096.uasset" 664
"C:/Users/Two5iveSe7en/Desktop/LevelDesign2/Cabin_NathanJ/Content/NOT_KiteDemo_IPromise/Environments/Rocks/Medium_Boulder_001/Medium_Boulder_001_D_4096CC_R.uasset" 665
"C:/Users/Two5iveSe7en/Desktop/LevelDesign2/Cabin_NathanJ/Content/NOT_KiteDemo_IPromise/Environments/Rocks/Medium_Boulder_001/MI_MediumBoulder_0012.uasset" 666
"C:/Users/Two5iveSe7en/Desktop/LevelDesign2/Cabin_NathanJ/Content/NOT_KiteDemo_IPromise/Environments/Rocks/Medium_Boulder_001/Medium_Boulder_001.uasset" 667
"C:/Users/Two5iveSe7en/Desktop/LevelDesign2/Cabin_NathanJ/Content/NOT_KiteDemo_IPromise/Environments/Rocks/Medium_Boulder_002/Medium_Boulder_002_N_4096.uasset" 668
"C:/Users/Two5iveSe7en/Desktop/LevelDesign2/Cabin_NathanJ/Content/NOT_KiteDemo_IPromise/Environments/Rocks/Medium_Boulder_002/Medium_Boulder_002_D_CC_R.uasset" 669
"C:/Users/Two5iveSe7en/Desktop/LevelDesign2/Cabin_NathanJ/Content/NOT_KiteDemo_IPromise/Environments/Rocks/Medium_Boulder_002/MI_MediumBoulder_002.uasset" 670
"C:/Users/Two5iveSe7en/Desktop/LevelDesign2/Cabin_NathanJ/Content/NOT_KiteDemo_IPromise/Environments/Rocks/Medium_Boulder_002/Medium_Boulder_LowPoly.uasset" 671
"C:/Users/Two5iveSe7en/Desktop/LevelDesign2/Cabin_NathanJ/Content/NOT_KiteDemo_IPromise/Environments/Rocks/Mountain_RockFace_002/T_MountainRock_N.uasset" 672
"C:/Users/Two5iveSe7en/Desktop/LevelDesign2/Cabin_NathanJ/Content/NOT_KiteDemo_IPromise/Environments/Rocks/Mountain_RockFace_002/T_MountainRock_D.uasset" 673
"C:/Users/Two5iveSe7en/Desktop/LevelDesign2/Cabin_NathanJ/Content/NOT_KiteDemo_IPromise/Environments/Rocks/Mountain_RockFace_002/MI_MountainRock.uasset" 674
"C:/Users/Two5iveSe7en/Desktop/LevelDesign2/Cabin_NathanJ/Content/NOT_KiteDemo_IPromise/Environments/Rocks/Mountain_RockFace_002/SM_MountainRock.uasset" 675
"C:/Users/Two5iveSe7en/Desktop/LevelDesign2/Cabin_NathanJ/Content/NOT_KiteDemo_IPromise/Environments/Rocks/Mountain_RockFace_002/T_MountainRock_Closed_D2.uasset" 676
"C:/Users/Two5iveSe7en/Desktop/LevelDesign2/Cabin_NathanJ/Content/NOT_KiteDemo_IPromise/Environments/Rocks/Mountain_RockFace_002/T_MountainRock_Closed_N.uasset" 677
"C:/Users/Two5iveSe7en/Desktop/LevelDesign2/Cabin_NathanJ/Content/NOT_KiteDemo_IPromise/Environments/Rocks/Mountain_RockFace_002/MI_MountainRock_Closed.uasset" 678
"C:/Users/Two5iveSe7en/Desktop/LevelDesign2/Cabin_NathanJ/Content/NOT_KiteDemo_IPromise/Environments/Rocks/Mountain_RockFace_002/SM_MountainRock_Closed.uasset" 679
"C:/Users/Two5iveSe7en/Desktop/LevelDesign2/Cabin_NathanJ/Content/NOT_KiteDemo_IPromise/Environments/Rocks/River_Rock_01/T_River_Rock_01_N.uasset" 680
"C:/Users/Two5iveSe7en/Desktop/LevelDesign2/Cabin_NathanJ/Content/NOT_KiteDemo_IPromise/Environments/Rocks/River_Rock_01/T_River_Rock_01_D_CC_R.uasset" 681
"C:/Users/Two5iveSe7en/Desktop/LevelDesign2/Cabin_NathanJ/Content/NOT_KiteDemo_IPromise/Environments/Rocks/River_Rock_01/MI_River_Rock_01.uasset" 682
"C:/Users/Two5iveSe7en/Desktop/LevelDesign2/Cabin_NathanJ/Content/NOT_KiteDemo_IPromise/Environments/Rocks/River_Rock_01/SM_River_Rock_01.uasset" 683
"C:/Users/Two5iveSe7en/Desktop/LevelDesign2/Cabin_NathanJ/Content/Maps/CabinLevel.umap" 684
"../../../Engine/Content/Maps/Entry_BuiltData.uasset" 685
"../../../Engine/Content/Maps/Entry.umap" 686
